<?xml version="1.0" encoding="UTF-8"?>
<!-- Generated by org.testng.reporters.JUnitReportReporter -->
<testsuite hostname="LAPTOP-H8B26VR1" failures="0" tests="3" name="factorialsiteCheck.Totallink" time="22.813" errors="0" timestamp="2025-11-24T15:37:19 IST" skipped="0">
  <testcase classname="factorialsiteCheck.Totallink" name="aboutlink" time="6.653"/>
  <testcase classname="factorialsiteCheck.Totallink" name="aboutlink" time="8.783"/>
  <testcase classname="factorialsiteCheck.Totallink" name="aboutlink" time="7.377"/>
</testsuite> <!-- factorialsiteCheck.Totallink -->
