<?xml version="1.0" encoding="UTF-8"?>
<!-- Generated by org.testng.reporters.JUnitReportReporter -->
<testsuite hostname="LAPTOP-H8B26VR1" failures="0" tests="3" name="factorialsiteCheck.ElimentsValidation" time="36.731" errors="0" timestamp="2025-11-24T15:37:19 IST" skipped="0">
  <testcase classname="factorialsiteCheck.ElimentsValidation" name="validation" time="8.580"/>
  <testcase classname="factorialsiteCheck.ElimentsValidation" name="validation" time="9.220"/>
  <testcase classname="factorialsiteCheck.ElimentsValidation" name="validation" time="18.931"/>
</testsuite> <!-- factorialsiteCheck.ElimentsValidation -->
