<?xml version="1.0" encoding="UTF-8"?>
<!-- Generated by org.testng.reporters.JUnitReportReporter -->
<testsuite hostname="LAPTOP-H8B26VR1" failures="0" tests="9" name="factorialsiteCheck.ValidationAttributesCheck" time="76.885" errors="0" timestamp="2025-11-24T15:37:19 IST" skipped="0">
  <testcase classname="factorialsiteCheck.ValidationAttributesCheck" name="verifytextboxPlaceholder" time="7.195"/>
  <testcase classname="factorialsiteCheck.ValidationAttributesCheck" name="verifytextboxPlaceholder" time="4.635"/>
  <testcase classname="factorialsiteCheck.ValidationAttributesCheck" name="verifytextboxPlaceholder" time="12.320"/>
  <testcase classname="factorialsiteCheck.ValidationAttributesCheck" name="verifyPage" time="7.766"/>
  <testcase classname="factorialsiteCheck.ValidationAttributesCheck" name="verifyPage" time="5.151"/>
  <testcase classname="factorialsiteCheck.ValidationAttributesCheck" name="verifyPage" time="13.695"/>
  <testcase classname="factorialsiteCheck.ValidationAttributesCheck" name="verifyUrl" time="6.389"/>
  <testcase classname="factorialsiteCheck.ValidationAttributesCheck" name="verifyUrl" time="14.360"/>
  <testcase classname="factorialsiteCheck.ValidationAttributesCheck" name="verifyUrl" time="5.374"/>
</testsuite> <!-- factorialsiteCheck.ValidationAttributesCheck -->
