<?xml version="1.0" encoding="UTF-8"?>
<!-- Generated by org.testng.reporters.JUnitReportReporter -->
<testsuite hostname="LAPTOP-H8B26VR1" failures="0" tests="21" name="factorialsiteCheck.FactorialresultCheck" time="180.396" errors="0" timestamp="2025-11-24T15:37:19 IST" skipped="0">
  <testcase classname="factorialsiteCheck.FactorialresultCheck" name="factorialCheck" time="8.821"/>
  <testcase classname="factorialsiteCheck.FactorialresultCheck" name="factorialCheck" time="7.923"/>
  <testcase classname="factorialsiteCheck.FactorialresultCheck" name="factorialCheck" time="13.421"/>
  <testcase classname="factorialsiteCheck.FactorialresultCheck" name="factorialCheck" time="9.055"/>
  <testcase classname="factorialsiteCheck.FactorialresultCheck" name="factorialCheck" time="9.544"/>
  <testcase classname="factorialsiteCheck.FactorialresultCheck" name="factorialCheck" time="7.243"/>
  <testcase classname="factorialsiteCheck.FactorialresultCheck" name="factorialCheck" time="8.124"/>
  <testcase classname="factorialsiteCheck.FactorialresultCheck" name="factorialCheck" time="6.116"/>
  <testcase classname="factorialsiteCheck.FactorialresultCheck" name="factorialCheck" time="16.587"/>
  <testcase classname="factorialsiteCheck.FactorialresultCheck" name="factorialCheck" time="6.821"/>
  <testcase classname="factorialsiteCheck.FactorialresultCheck" name="factorialCheck" time="6.086"/>
  <testcase classname="factorialsiteCheck.FactorialresultCheck" name="factorialCheck" time="7.755"/>
  <testcase classname="factorialsiteCheck.FactorialresultCheck" name="factorialCheck" time="10.411"/>
  <testcase classname="factorialsiteCheck.FactorialresultCheck" name="factorialCheck" time="10.038"/>
  <testcase classname="factorialsiteCheck.FactorialresultCheck" name="factorialCheck" time="6.714"/>
  <testcase classname="factorialsiteCheck.FactorialresultCheck" name="factorialCheck" time="7.267"/>
  <testcase classname="factorialsiteCheck.FactorialresultCheck" name="factorialCheck" time="7.190"/>
  <testcase classname="factorialsiteCheck.FactorialresultCheck" name="factorialCheck" time="7.636"/>
  <testcase classname="factorialsiteCheck.FactorialresultCheck" name="factorialCheck" time="7.098"/>
  <testcase classname="factorialsiteCheck.FactorialresultCheck" name="factorialCheck" time="9.032"/>
  <testcase classname="factorialsiteCheck.FactorialresultCheck" name="factorialCheck" time="7.514"/>
</testsuite> <!-- factorialsiteCheck.FactorialresultCheck -->
