<html>
<head>
<title>TestNG:  Regression Test 2</title>
<link href="../testng.css" rel="stylesheet" type="text/css" />
<link href="../my-testng.css" rel="stylesheet" type="text/css" />

<style type="text/css">
.log { display: none;} 
.stack-trace { display: none;} 
</style>
<script type="text/javascript">
<!--
function flip(e) {
  current = e.style.display;
  if (current == 'block') {
    e.style.display = 'none';
    return 0;
  }
  else {
    e.style.display = 'block';
    return 1;
  }
}

function toggleBox(szDivId, elem, msg1, msg2)
{
  var res = -1;  if (document.getElementById) {
    res = flip(document.getElementById(szDivId));
  }
  else if (document.all) {
    // this is the way old msie versions work
    res = flip(document.all[szDivId]);
  }
  if(elem) {
    if(res == 0) elem.innerHTML = msg1; else elem.innerHTML = msg2;
  }

}

function toggleAllBoxes() {
  if (document.getElementsByTagName) {
    d = document.getElementsByTagName('div');
    for (i = 0; i < d.length; i++) {
      if (d[i].className == 'log') {
        flip(d[i]);
      }
    }
  }
}

// -->
</script>

</head>
<body>
<h2 align='center'>Regression Test 2</h2><table border='1' align="center">
<tr>
<td>Tests passed/Failed/Skipped:</td><td>12/2/0</td>
</tr><tr>
<td>Started on:</td><td>Mon Nov 24 15:34:46 IST 2025</td>
</tr>
<tr><td>Total time:</td><td>152 seconds (152567 ms)</td>
</tr><tr>
<td>Included groups:</td><td></td>
</tr><tr>
<td>Excluded groups:</td><td></td>
</tr>
</table><p/>
<small><i>(Hover the method name to see the test class name)</i></small><p/>
<table width='100%' border='1' class='invocation-failed'>
<tr><td colspan='4' align='center'><b>FAILED TESTS</b></td></tr>
<tr><td><b>Test method</b></td>
<td><b>Attribute(s)</b></td>
<td width="30%"><b>Exception</b></td>
<td width="10%"><b>Time (seconds)</b></td>
<td><b>Instance</b></td>
</tr>
<tr>
<td title='factorialsiteCheck.BugFound.bug1()'><b>bug1</b><br>Test class: factorialsiteCheck.BugFound</td>
<td><div><pre>java.lang.NullPointerException: Cannot invoke &quot;org.openqa.selenium.SearchContext.findElement(org.openqa.selenium.By)&quot; because &quot;this.searchContext&quot; is null
	at org.openqa.selenium.support.pagefactory.DefaultElementLocator.findElement(DefaultElementLocator.java:68)
	at org.openqa.selenium.support.pagefactory.internal.LocatingElementHandler.invoke(LocatingElementHandler.java:38)
	at jdk.proxy2/jdk.proxy2.$Proxy13.click(Unknown Source)
	at factorialsiteCheck.BugFound.bug1(BugFound.java:18)
	at java.base/java.util.ArrayList.forEach(ArrayList.java:1511)
	at java.base/java.util.concurrent.FutureTask.run(FutureTask.java:264)
	at java.base/java.util.concurrent.ThreadPoolExecutor.runWorker(ThreadPoolExecutor.java:1136)
	at java.base/java.util.concurrent.ThreadPoolExecutor$Worker.run(ThreadPoolExecutor.java:635)
	at java.base/java.lang.Thread.run(Thread.java:840)
... Removed 17 stack frames</pre></div><a href='#' onClick='toggleBox("stack-trace1361467527", this, "Click to show all stack frames", "Click to hide stack frames")'>Click to show all stack frames</a>
<div class='stack-trace' id='stack-trace1361467527'><pre>java.lang.NullPointerException: Cannot invoke &quot;org.openqa.selenium.SearchContext.findElement(org.openqa.selenium.By)&quot; because &quot;this.searchContext&quot; is null
	at org.openqa.selenium.support.pagefactory.DefaultElementLocator.findElement(DefaultElementLocator.java:68)
	at org.openqa.selenium.support.pagefactory.internal.LocatingElementHandler.invoke(LocatingElementHandler.java:38)
	at jdk.proxy2/jdk.proxy2.$Proxy13.click(Unknown Source)
	at factorialsiteCheck.BugFound.bug1(BugFound.java:18)
	at java.base/jdk.internal.reflect.NativeMethodAccessorImpl.invoke0(Native Method)
	at java.base/jdk.internal.reflect.NativeMethodAccessorImpl.invoke(NativeMethodAccessorImpl.java:77)
	at java.base/jdk.internal.reflect.DelegatingMethodAccessorImpl.invoke(DelegatingMethodAccessorImpl.java:43)
	at java.base/java.lang.reflect.Method.invoke(Method.java:568)
	at org.testng.internal.invokers.MethodInvocationHelper.invokeMethod(MethodInvocationHelper.java:139)
	at org.testng.internal.invokers.TestInvoker.invokeMethod(TestInvoker.java:664)
	at org.testng.internal.invokers.TestInvoker.invokeTestMethod(TestInvoker.java:228)
	at org.testng.internal.invokers.MethodRunner.runInSequence(MethodRunner.java:63)
	at org.testng.internal.invokers.TestInvoker$MethodInvocationAgent.invoke(TestInvoker.java:961)
	at org.testng.internal.invokers.TestInvoker.invokeTestMethods(TestInvoker.java:201)
	at org.testng.internal.invokers.TestMethodWorker.invokeTestMethods(TestMethodWorker.java:148)
	at org.testng.internal.invokers.TestMethodWorker.run(TestMethodWorker.java:128)
	at java.base/java.util.ArrayList.forEach(ArrayList.java:1511)
	at org.testng.TestRunner.privateRun(TestRunner.java:819)
	at org.testng.TestRunner.run(TestRunner.java:619)
	at org.testng.SuiteRunner.runTest(SuiteRunner.java:443)
	at org.testng.SuiteRunner$SuiteWorker.run(SuiteRunner.java:481)
	at org.testng.internal.thread.ThreadUtil.lambda$execute$0(ThreadUtil.java:58)
	at java.base/java.util.concurrent.FutureTask.run(FutureTask.java:264)
	at java.base/java.util.concurrent.ThreadPoolExecutor.runWorker(ThreadPoolExecutor.java:1136)
	at java.base/java.util.concurrent.ThreadPoolExecutor$Worker.run(ThreadPoolExecutor.java:635)
	at java.base/java.lang.Thread.run(Thread.java:840)
</pre></div></td>
<td>0</td>
<td>factorialsiteCheck.BugFound@f68f0dc</td></tr>
<tr>
<td title='factorialsiteCheck.BugFound.bug2()'><b>bug2</b><br>Test class: factorialsiteCheck.BugFound</td>
<td><div><pre>java.lang.NullPointerException: Cannot invoke &quot;org.openqa.selenium.SearchContext.findElement(org.openqa.selenium.By)&quot; because &quot;this.searchContext&quot; is null
	at org.openqa.selenium.support.pagefactory.DefaultElementLocator.findElement(DefaultElementLocator.java:68)
	at org.openqa.selenium.support.pagefactory.internal.LocatingElementHandler.invoke(LocatingElementHandler.java:38)
	at jdk.proxy2/jdk.proxy2.$Proxy13.click(Unknown Source)
	at factorialsiteCheck.BugFound.bug2(BugFound.java:26)
	at java.base/java.util.ArrayList.forEach(ArrayList.java:1511)
	at java.base/java.util.concurrent.FutureTask.run(FutureTask.java:264)
	at java.base/java.util.concurrent.ThreadPoolExecutor.runWorker(ThreadPoolExecutor.java:1136)
	at java.base/java.util.concurrent.ThreadPoolExecutor$Worker.run(ThreadPoolExecutor.java:635)
	at java.base/java.lang.Thread.run(Thread.java:840)
... Removed 17 stack frames</pre></div><a href='#' onClick='toggleBox("stack-trace139473287", this, "Click to show all stack frames", "Click to hide stack frames")'>Click to show all stack frames</a>
<div class='stack-trace' id='stack-trace139473287'><pre>java.lang.NullPointerException: Cannot invoke &quot;org.openqa.selenium.SearchContext.findElement(org.openqa.selenium.By)&quot; because &quot;this.searchContext&quot; is null
	at org.openqa.selenium.support.pagefactory.DefaultElementLocator.findElement(DefaultElementLocator.java:68)
	at org.openqa.selenium.support.pagefactory.internal.LocatingElementHandler.invoke(LocatingElementHandler.java:38)
	at jdk.proxy2/jdk.proxy2.$Proxy13.click(Unknown Source)
	at factorialsiteCheck.BugFound.bug2(BugFound.java:26)
	at java.base/jdk.internal.reflect.NativeMethodAccessorImpl.invoke0(Native Method)
	at java.base/jdk.internal.reflect.NativeMethodAccessorImpl.invoke(NativeMethodAccessorImpl.java:77)
	at java.base/jdk.internal.reflect.DelegatingMethodAccessorImpl.invoke(DelegatingMethodAccessorImpl.java:43)
	at java.base/java.lang.reflect.Method.invoke(Method.java:568)
	at org.testng.internal.invokers.MethodInvocationHelper.invokeMethod(MethodInvocationHelper.java:139)
	at org.testng.internal.invokers.TestInvoker.invokeMethod(TestInvoker.java:664)
	at org.testng.internal.invokers.TestInvoker.invokeTestMethod(TestInvoker.java:228)
	at org.testng.internal.invokers.MethodRunner.runInSequence(MethodRunner.java:63)
	at org.testng.internal.invokers.TestInvoker$MethodInvocationAgent.invoke(TestInvoker.java:961)
	at org.testng.internal.invokers.TestInvoker.invokeTestMethods(TestInvoker.java:201)
	at org.testng.internal.invokers.TestMethodWorker.invokeTestMethods(TestMethodWorker.java:148)
	at org.testng.internal.invokers.TestMethodWorker.run(TestMethodWorker.java:128)
	at java.base/java.util.ArrayList.forEach(ArrayList.java:1511)
	at org.testng.TestRunner.privateRun(TestRunner.java:819)
	at org.testng.TestRunner.run(TestRunner.java:619)
	at org.testng.SuiteRunner.runTest(SuiteRunner.java:443)
	at org.testng.SuiteRunner$SuiteWorker.run(SuiteRunner.java:481)
	at org.testng.internal.thread.ThreadUtil.lambda$execute$0(ThreadUtil.java:58)
	at java.base/java.util.concurrent.FutureTask.run(FutureTask.java:264)
	at java.base/java.util.concurrent.ThreadPoolExecutor.runWorker(ThreadPoolExecutor.java:1136)
	at java.base/java.util.concurrent.ThreadPoolExecutor$Worker.run(ThreadPoolExecutor.java:635)
	at java.base/java.lang.Thread.run(Thread.java:840)
</pre></div></td>
<td>0</td>
<td>factorialsiteCheck.BugFound@f68f0dc</td></tr>
</table><p>
<table width='100%' border='1' class='invocation-passed'>
<tr><td colspan='4' align='center'><b>PASSED TESTS</b></td></tr>
<tr><td><b>Test method</b></td>
<td><b>Attribute(s)</b></td>
<td width="30%"><b>Exception</b></td>
<td width="10%"><b>Time (seconds)</b></td>
<td><b>Instance</b></td>
</tr>
<tr>
<td title='factorialsiteCheck.FactorialresultCheck.factorialCheck()'><b>factorialCheck</b><br>Test class: factorialsiteCheck.FactorialresultCheck<br>Parameters: 8</td>
<td></td>
<td>1</td>
<td>factorialsiteCheck.FactorialresultCheck@66ea810</td></tr>
<tr>
<td title='factorialsiteCheck.FactorialresultCheck.factorialCheck()'><b>factorialCheck</b><br>Test class: factorialsiteCheck.FactorialresultCheck<br>Parameters: 6</td>
<td></td>
<td>1</td>
<td>factorialsiteCheck.FactorialresultCheck@66ea810</td></tr>
<tr>
<td title='factorialsiteCheck.ElimentsValidation.validation()'><b>validation</b><br>Test class: factorialsiteCheck.ElimentsValidation</td>
<td></td>
<td>0</td>
<td>factorialsiteCheck.ElimentsValidation@2d0399f4</td></tr>
<tr>
<td title='factorialsiteCheck.FactorialresultCheck.factorialCheck()'><b>factorialCheck</b><br>Test class: factorialsiteCheck.FactorialresultCheck<br>Parameters: 4</td>
<td></td>
<td>1</td>
<td>factorialsiteCheck.FactorialresultCheck@66ea810</td></tr>
<tr>
<td title='factorialsiteCheck.ValidationAttributesCheck.verifyPage()'><b>verifyPage</b><br>Test class: factorialsiteCheck.ValidationAttributesCheck</td>
<td></td>
<td>0</td>
<td>factorialsiteCheck.ValidationAttributesCheck@14dd7b39</td></tr>
<tr>
<td title='factorialsiteCheck.FactorialresultCheck.factorialCheck()'><b>factorialCheck</b><br>Test class: factorialsiteCheck.FactorialresultCheck<br>Parameters: 9</td>
<td></td>
<td>1</td>
<td>factorialsiteCheck.FactorialresultCheck@66ea810</td></tr>
<tr>
<td title='factorialsiteCheck.Totallink.aboutlink()'><b>aboutlink</b><br>Test class: factorialsiteCheck.Totallink</td>
<td></td>
<td>1</td>
<td>factorialsiteCheck.Totallink@6cd24612</td></tr>
<tr>
<td title='factorialsiteCheck.FactorialresultCheck.factorialCheck()'><b>factorialCheck</b><br>Test class: factorialsiteCheck.FactorialresultCheck<br>Parameters: 5</td>
<td></td>
<td>1</td>
<td>factorialsiteCheck.FactorialresultCheck@66ea810</td></tr>
<tr>
<td title='factorialsiteCheck.FactorialresultCheck.factorialCheck()'><b>factorialCheck</b><br>Test class: factorialsiteCheck.FactorialresultCheck<br>Parameters: 10</td>
<td></td>
<td>1</td>
<td>factorialsiteCheck.FactorialresultCheck@66ea810</td></tr>
<tr>
<td title='factorialsiteCheck.FactorialresultCheck.factorialCheck()'><b>factorialCheck</b><br>Test class: factorialsiteCheck.FactorialresultCheck<br>Parameters: 7</td>
<td></td>
<td>1</td>
<td>factorialsiteCheck.FactorialresultCheck@66ea810</td></tr>
<tr>
<td title='factorialsiteCheck.ValidationAttributesCheck.verifyUrl()'><b>verifyUrl</b><br>Test class: factorialsiteCheck.ValidationAttributesCheck</td>
<td></td>
<td>0</td>
<td>factorialsiteCheck.ValidationAttributesCheck@14dd7b39</td></tr>
<tr>
<td title='factorialsiteCheck.ValidationAttributesCheck.verifytextboxPlaceholder()'><b>verifytextboxPlaceholder</b><br>Test class: factorialsiteCheck.ValidationAttributesCheck</td>
<td></td>
<td>0</td>
<td>factorialsiteCheck.ValidationAttributesCheck@14dd7b39</td></tr>
</table><p>
</body>
</html>