<?xml version="1.0" encoding="UTF-8"?>
<!-- Generated by org.testng.reporters.JUnitXMLReporter -->
<testsuite ignored="0" hostname="LAPTOP-H8B26VR1" failures="2" tests="14" name="Regression Test" time="104.613" errors="0" timestamp="2025-11-24T15:36:31 IST">
  <testcase classname="factorialsiteCheck.ElimentsValidation" name="validation" time="0.352"/>
  <testcase classname="factorialsiteCheck.ValidationAttributesCheck" name="verifytextboxPlaceholder" time="0.499"/>
  <testcase classname="factorialsiteCheck.ValidationAttributesCheck" name="verifyPage" time="0.028"/>
  <testcase classname="factorialsiteCheck.ValidationAttributesCheck" name="verifyUrl" time="0.072"/>
  <testcase classname="factorialsiteCheck.FactorialresultCheck" name="factorialCheck" time="1.773"/>
  <testcase classname="factorialsiteCheck.FactorialresultCheck" name="factorialCheck" time="2.576"/>
  <testcase classname="factorialsiteCheck.FactorialresultCheck" name="factorialCheck" time="1.487"/>
  <testcase classname="factorialsiteCheck.FactorialresultCheck" name="factorialCheck" time="1.737"/>
  <testcase classname="factorialsiteCheck.FactorialresultCheck" name="factorialCheck" time="2.826"/>
  <testcase classname="factorialsiteCheck.FactorialresultCheck" name="factorialCheck" time="1.622"/>
  <testcase classname="factorialsiteCheck.FactorialresultCheck" name="factorialCheck" time="2.423"/>
  <testcase classname="factorialsiteCheck.Totallink" name="aboutlink" time="1.559"/>
  <testcase classname="factorialsiteCheck.BugFound" name="bug1" time="0.0">
    <failure type="java.lang.NullPointerException" message="Cannot invoke &amp;quot;org.openqa.selenium.SearchContext.findElement(org.openqa.selenium.By)&amp;quot; because &amp;quot;this.searchContext&amp;quot; is null">
      <![CDATA[java.lang.NullPointerException: Cannot invoke "org.openqa.selenium.SearchContext.findElement(org.openqa.selenium.By)" because "this.searchContext" is null
at org.openqa.selenium.support.pagefactory.DefaultElementLocator.findElement(DefaultElementLocator.java:68)
at org.openqa.selenium.support.pagefactory.internal.LocatingElementHandler.invoke(LocatingElementHandler.java:38)
at jdk.proxy2/jdk.proxy2.$Proxy13.click(Unknown Source)
at factorialsiteCheck.BugFound.bug1(BugFound.java:18)
at java.base/java.util.ArrayList.forEach(ArrayList.java:1511)
at java.base/java.util.concurrent.FutureTask.run(FutureTask.java:264)
at java.base/java.util.concurrent.ThreadPoolExecutor.runWorker(ThreadPoolExecutor.java:1136)
at java.base/java.util.concurrent.ThreadPoolExecutor$Worker.run(ThreadPoolExecutor.java:635)
at java.base/java.lang.Thread.run(Thread.java:840)
... Removed 17 stack frames]]>
    </failure>
  </testcase> <!-- bug1 -->
  <testcase classname="factorialsiteCheck.BugFound" name="bug2" time="0.002">
    <failure type="java.lang.NullPointerException" message="Cannot invoke &amp;quot;org.openqa.selenium.SearchContext.findElement(org.openqa.selenium.By)&amp;quot; because &amp;quot;this.searchContext&amp;quot; is null">
      <![CDATA[java.lang.NullPointerException: Cannot invoke "org.openqa.selenium.SearchContext.findElement(org.openqa.selenium.By)" because "this.searchContext" is null
at org.openqa.selenium.support.pagefactory.DefaultElementLocator.findElement(DefaultElementLocator.java:68)
at org.openqa.selenium.support.pagefactory.internal.LocatingElementHandler.invoke(LocatingElementHandler.java:38)
at jdk.proxy2/jdk.proxy2.$Proxy13.click(Unknown Source)
at factorialsiteCheck.BugFound.bug2(BugFound.java:26)
at java.base/java.util.ArrayList.forEach(ArrayList.java:1511)
at java.base/java.util.concurrent.FutureTask.run(FutureTask.java:264)
at java.base/java.util.concurrent.ThreadPoolExecutor.runWorker(ThreadPoolExecutor.java:1136)
at java.base/java.util.concurrent.ThreadPoolExecutor$Worker.run(ThreadPoolExecutor.java:635)
at java.base/java.lang.Thread.run(Thread.java:840)
... Removed 17 stack frames]]>
    </failure>
  </testcase> <!-- bug2 -->
</testsuite> <!-- Regression Test -->
