<!DOCTYPE html PUBLIC "-//W3C//DTD XHTML 1.1//EN" "https://www.w3.org/TR/xhtml11/DTD/xhtml11.dtd">
<html xmlns="https://www.w3.org/1999/xhtml">
<head>
<meta http-equiv="content-type" content="text/html; charset=UTF-8"/>
<title>TestNG Report</title>
<style type="text/css">table {margin-bottom:10px;border-collapse:collapse;empty-cells:show}th,td {border:1px solid #009;padding:.25em .5em}th {vertical-align:bottom}td {vertical-align:top}table a {font-weight:bold}.stripe td {background-color: #E6EBF9}.num {text-align:right}.passedodd td {background-color: #3F3}.passedeven td {background-color: #0A0}.skippedodd td {background-color: #DDD}.skippedeven td {background-color: #CCC}.failedodd td,.attn {background-color: #F33}.failedeven td,.stripe .attn {background-color: #D00}.stacktrace {white-space:pre;font-family:monospace}.totop {font-size:85%;text-align:center;border-bottom:2px solid #000}.invisible {display:none}</style>
</head>
<body>
<table>
<tr><th>Test</th><th># Passed</th><th># Skipped</th><th># Retried</th><th># Failed</th><th>Time (ms)</th><th>Included Groups</th><th>Excluded Groups</th></tr>
<tr><th colspan="8">Regression Suite</th></tr>
<tr><td><a href="#t0">Regression Test 3</a></td><td class="num">12</td><td class="num">0</td><td class="num">0</td><td class="num attn">2</td><td class="num">91,790</td><td></td><td></td></tr>
<tr class="stripe"><td><a href="#t1">Regression Test</a></td><td class="num">12</td><td class="num">0</td><td class="num">0</td><td class="num attn">2</td><td class="num">104,613</td><td></td><td></td></tr>
<tr><td><a href="#t2">Regression Test 2</a></td><td class="num">12</td><td class="num">0</td><td class="num">0</td><td class="num attn">2</td><td class="num">152,567</td><td></td><td></td></tr>
<tr><th>Total</th><th class="num">36</th><th class="num">0</th><th class="num">0</th><th class="num attn">6</th><th class="num">348,970</th><th colspan="2"></th></tr>
</table>
<table id='summary'><thead><tr><th>Class</th><th>Method</th><th>Start</th><th>Time (ms)</th></tr></thead><tbody><tr><th colspan="4">Regression Suite</th></tr></tbody><tbody id="t0"><tr><th colspan="4">Regression Test 3 &#8212; failed</th></tr><tr class="failedeven"><td rowspan="2">factorialsiteCheck.BugFound</td><td><a href="#m0">bug1</a></td><td rowspan="1">1763978771626</td><td rowspan="1">5</td></tr><tr class="failedeven"><td><a href="#m1">bug2</a></td><td rowspan="1">1763978777561</td><td rowspan="1">9</td></tr><tr><th colspan="4">Regression Test 3 &#8212; passed</th></tr><tr class="passedeven"><td rowspan="1">factorialsiteCheck.ElimentsValidation</td><td><a href="#m2">validation</a></td><td rowspan="1">1763978694397</td><td rowspan="1">488</td></tr><tr class="passedodd"><td rowspan="7">factorialsiteCheck.FactorialresultCheck</td><td><a href="#m3">factorialCheck</a></td><td rowspan="7">1763978749901</td><td rowspan="7">1882</td></tr><tr class="passedodd"><td><a href="#m4">factorialCheck</a></td></tr><tr class="passedodd"><td><a href="#m5">factorialCheck</a></td></tr><tr class="passedodd"><td><a href="#m6">factorialCheck</a></td></tr><tr class="passedodd"><td><a href="#m7">factorialCheck</a></td></tr><tr class="passedodd"><td><a href="#m8">factorialCheck</a></td></tr><tr class="passedodd"><td><a href="#m9">factorialCheck</a></td></tr><tr class="passedeven"><td rowspan="1">factorialsiteCheck.Totallink</td><td><a href="#m10">aboutlink</a></td><td rowspan="1">1763978764498</td><td rowspan="1">2401</td></tr><tr class="passedodd"><td rowspan="3">factorialsiteCheck.ValidationAttributesCheck</td><td><a href="#m11">verifyPage</a></td><td rowspan="1">1763978706448</td><td rowspan="1">36</td></tr><tr class="passedodd"><td><a href="#m12">verifyUrl</a></td><td rowspan="1">1763978711021</td><td rowspan="1">10</td></tr><tr class="passedodd"><td><a href="#m13">verifytextboxPlaceholder</a></td><td rowspan="1">1763978700612</td><td rowspan="1">108</td></tr></tbody>
<tbody id="t1"><tr><th colspan="4">Regression Test &#8212; failed</th></tr><tr class="failedeven"><td rowspan="2">factorialsiteCheck.BugFound</td><td><a href="#m14">bug1</a></td><td rowspan="1">1763978786755</td><td rowspan="1">0</td></tr><tr class="failedeven"><td><a href="#m15">bug2</a></td><td rowspan="1">1763978790875</td><td rowspan="1">2</td></tr><tr><th colspan="4">Regression Test &#8212; passed</th></tr><tr class="passedeven"><td rowspan="1">factorialsiteCheck.ElimentsValidation</td><td><a href="#m16">validation</a></td><td rowspan="1">1763978694848</td><td rowspan="1">352</td></tr><tr class="passedodd"><td rowspan="7">factorialsiteCheck.FactorialresultCheck</td><td><a href="#m17">factorialCheck</a></td><td rowspan="7">1763978721279</td><td rowspan="7">1773</td></tr><tr class="passedodd"><td><a href="#m18">factorialCheck</a></td></tr><tr class="passedodd"><td><a href="#m19">factorialCheck</a></td></tr><tr class="passedodd"><td><a href="#m20">factorialCheck</a></td></tr><tr class="passedodd"><td><a href="#m21">factorialCheck</a></td></tr><tr class="passedodd"><td><a href="#m22">factorialCheck</a></td></tr><tr class="passedodd"><td><a href="#m23">factorialCheck</a></td></tr><tr class="passedeven"><td rowspan="1">factorialsiteCheck.Totallink</td><td><a href="#m24">aboutlink</a></td><td rowspan="1">1763978780551</td><td rowspan="1">1559</td></tr><tr class="passedodd"><td rowspan="3">factorialsiteCheck.ValidationAttributesCheck</td><td><a href="#m25">verifyPage</a></td><td rowspan="1">1763978709530</td><td rowspan="1">28</td></tr><tr class="passedodd"><td><a href="#m26">verifyUrl</a></td><td rowspan="1">1763978715784</td><td rowspan="1">72</td></tr><tr class="passedodd"><td><a href="#m27">verifytextboxPlaceholder</a></td><td rowspan="1">1763978703147</td><td rowspan="1">499</td></tr></tbody>
<tbody id="t2"><tr><th colspan="4">Regression Test 2 &#8212; failed</th></tr><tr class="failedeven"><td rowspan="2">factorialsiteCheck.BugFound</td><td><a href="#m28">bug1</a></td><td rowspan="1">1763978832123</td><td rowspan="1">3</td></tr><tr class="failedeven"><td><a href="#m29">bug2</a></td><td rowspan="1">1763978838189</td><td rowspan="1">0</td></tr><tr><th colspan="4">Regression Test 2 &#8212; passed</th></tr><tr class="passedeven"><td rowspan="1">factorialsiteCheck.ElimentsValidation</td><td><a href="#m30">validation</a></td><td rowspan="1">1763978702932</td><td rowspan="1">838</td></tr><tr class="passedodd"><td rowspan="7">factorialsiteCheck.FactorialresultCheck</td><td><a href="#m31">factorialCheck</a></td><td rowspan="7">1763978802188</td><td rowspan="7">1161</td></tr><tr class="passedodd"><td><a href="#m32">factorialCheck</a></td></tr><tr class="passedodd"><td><a href="#m33">factorialCheck</a></td></tr><tr class="passedodd"><td><a href="#m34">factorialCheck</a></td></tr><tr class="passedodd"><td><a href="#m35">factorialCheck</a></td></tr><tr class="passedodd"><td><a href="#m36">factorialCheck</a></td></tr><tr class="passedodd"><td><a href="#m37">factorialCheck</a></td></tr><tr class="passedeven"><td rowspan="1">factorialsiteCheck.Totallink</td><td><a href="#m38">aboutlink</a></td><td rowspan="1">1763978824734</td><td rowspan="1">1298</td></tr><tr class="passedodd"><td rowspan="3">factorialsiteCheck.ValidationAttributesCheck</td><td><a href="#m39">verifyPage</a></td><td rowspan="1">1763978729822</td><td rowspan="1">8</td></tr><tr class="passedodd"><td><a href="#m40">verifyUrl</a></td><td rowspan="1">1763978743524</td><td rowspan="1">14</td></tr><tr class="passedodd"><td><a href="#m41">verifytextboxPlaceholder</a></td><td rowspan="1">1763978717499</td><td rowspan="1">127</td></tr></tbody>
</table>
<h2>Regression Test 3</h2><h3 id="m0">factorialsiteCheck.BugFound#bug1</h3><table class="result"><tr><th>Exception</th></tr><tr><td><div class="stacktrace">java.lang.NullPointerException: Cannot invoke &quot;org.openqa.selenium.SearchContext.findElement(org.openqa.selenium.By)&quot; because &quot;this.searchContext&quot; is null
	at org.openqa.selenium.support.pagefactory.DefaultElementLocator.findElement(DefaultElementLocator.java:68)
	at org.openqa.selenium.support.pagefactory.internal.LocatingElementHandler.invoke(LocatingElementHandler.java:38)
	at jdk.proxy2/jdk.proxy2.$Proxy13.click(Unknown Source)
	at factorialsiteCheck.BugFound.bug1(BugFound.java:18)
	at java.base/java.util.ArrayList.forEach(ArrayList.java:1511)
	at java.base/java.util.concurrent.FutureTask.run(FutureTask.java:264)
	at java.base/java.util.concurrent.ThreadPoolExecutor.runWorker(ThreadPoolExecutor.java:1136)
	at java.base/java.util.concurrent.ThreadPoolExecutor$Worker.run(ThreadPoolExecutor.java:635)
	at java.base/java.lang.Thread.run(Thread.java:840)
... Removed 17 stack frames</div></td></tr></table><p class="totop"><a href="#summary">back to summary</a></p>
<h3 id="m1">factorialsiteCheck.BugFound#bug2</h3><table class="result"><tr><th>Exception</th></tr><tr><td><div class="stacktrace">java.lang.NullPointerException: Cannot invoke &quot;org.openqa.selenium.SearchContext.findElement(org.openqa.selenium.By)&quot; because &quot;this.searchContext&quot; is null
	at org.openqa.selenium.support.pagefactory.DefaultElementLocator.findElement(DefaultElementLocator.java:68)
	at org.openqa.selenium.support.pagefactory.internal.LocatingElementHandler.invoke(LocatingElementHandler.java:38)
	at jdk.proxy2/jdk.proxy2.$Proxy13.click(Unknown Source)
	at factorialsiteCheck.BugFound.bug2(BugFound.java:26)
	at java.base/java.util.ArrayList.forEach(ArrayList.java:1511)
	at java.base/java.util.concurrent.FutureTask.run(FutureTask.java:264)
	at java.base/java.util.concurrent.ThreadPoolExecutor.runWorker(ThreadPoolExecutor.java:1136)
	at java.base/java.util.concurrent.ThreadPoolExecutor$Worker.run(ThreadPoolExecutor.java:635)
	at java.base/java.lang.Thread.run(Thread.java:840)
... Removed 17 stack frames</div></td></tr></table><p class="totop"><a href="#summary">back to summary</a></p>
<h3 id="m2">factorialsiteCheck.ElimentsValidation#validation</h3><table class="result"><tr><th class="invisible"/></tr></table><p class="totop"><a href="#summary">back to summary</a></p>
<h3 id="m3">factorialsiteCheck.FactorialresultCheck#factorialCheck</h3><table class="result"><tr class="param"><th>Parameter #1</th></tr><tr class="param stripe"><td>9</td></tr></table><p class="totop"><a href="#summary">back to summary</a></p>
<h3 id="m4">factorialsiteCheck.FactorialresultCheck#factorialCheck</h3><table class="result"><tr class="param"><th>Parameter #1</th></tr><tr class="param stripe"><td>7</td></tr></table><p class="totop"><a href="#summary">back to summary</a></p>
<h3 id="m5">factorialsiteCheck.FactorialresultCheck#factorialCheck</h3><table class="result"><tr class="param"><th>Parameter #1</th></tr><tr class="param stripe"><td>6</td></tr></table><p class="totop"><a href="#summary">back to summary</a></p>
<h3 id="m6">factorialsiteCheck.FactorialresultCheck#factorialCheck</h3><table class="result"><tr class="param"><th>Parameter #1</th></tr><tr class="param stripe"><td>8</td></tr></table><p class="totop"><a href="#summary">back to summary</a></p>
<h3 id="m7">factorialsiteCheck.FactorialresultCheck#factorialCheck</h3><table class="result"><tr class="param"><th>Parameter #1</th></tr><tr class="param stripe"><td>5</td></tr></table><p class="totop"><a href="#summary">back to summary</a></p>
<h3 id="m8">factorialsiteCheck.FactorialresultCheck#factorialCheck</h3><table class="result"><tr class="param"><th>Parameter #1</th></tr><tr class="param stripe"><td>4</td></tr></table><p class="totop"><a href="#summary">back to summary</a></p>
<h3 id="m9">factorialsiteCheck.FactorialresultCheck#factorialCheck</h3><table class="result"><tr class="param"><th>Parameter #1</th></tr><tr class="param stripe"><td>10</td></tr></table><p class="totop"><a href="#summary">back to summary</a></p>
<h3 id="m10">factorialsiteCheck.Totallink#aboutlink</h3><table class="result"><tr><th class="invisible"/></tr></table><p class="totop"><a href="#summary">back to summary</a></p>
<h3 id="m11">factorialsiteCheck.ValidationAttributesCheck#verifyPage</h3><table class="result"><tr><th class="invisible"/></tr></table><p class="totop"><a href="#summary">back to summary</a></p>
<h3 id="m12">factorialsiteCheck.ValidationAttributesCheck#verifyUrl</h3><table class="result"><tr><th class="invisible"/></tr></table><p class="totop"><a href="#summary">back to summary</a></p>
<h3 id="m13">factorialsiteCheck.ValidationAttributesCheck#verifytextboxPlaceholder</h3><table class="result"><tr><th class="invisible"/></tr></table><p class="totop"><a href="#summary">back to summary</a></p>
<h2>Regression Test</h2><h3 id="m14">factorialsiteCheck.BugFound#bug1</h3><table class="result"><tr><th>Exception</th></tr><tr><td><div class="stacktrace">java.lang.NullPointerException: Cannot invoke &quot;org.openqa.selenium.SearchContext.findElement(org.openqa.selenium.By)&quot; because &quot;this.searchContext&quot; is null
	at org.openqa.selenium.support.pagefactory.DefaultElementLocator.findElement(DefaultElementLocator.java:68)
	at org.openqa.selenium.support.pagefactory.internal.LocatingElementHandler.invoke(LocatingElementHandler.java:38)
	at jdk.proxy2/jdk.proxy2.$Proxy13.click(Unknown Source)
	at factorialsiteCheck.BugFound.bug1(BugFound.java:18)
	at java.base/java.util.ArrayList.forEach(ArrayList.java:1511)
	at java.base/java.util.concurrent.FutureTask.run(FutureTask.java:264)
	at java.base/java.util.concurrent.ThreadPoolExecutor.runWorker(ThreadPoolExecutor.java:1136)
	at java.base/java.util.concurrent.ThreadPoolExecutor$Worker.run(ThreadPoolExecutor.java:635)
	at java.base/java.lang.Thread.run(Thread.java:840)
... Removed 17 stack frames</div></td></tr></table><p class="totop"><a href="#summary">back to summary</a></p>
<h3 id="m15">factorialsiteCheck.BugFound#bug2</h3><table class="result"><tr><th>Exception</th></tr><tr><td><div class="stacktrace">java.lang.NullPointerException: Cannot invoke &quot;org.openqa.selenium.SearchContext.findElement(org.openqa.selenium.By)&quot; because &quot;this.searchContext&quot; is null
	at org.openqa.selenium.support.pagefactory.DefaultElementLocator.findElement(DefaultElementLocator.java:68)
	at org.openqa.selenium.support.pagefactory.internal.LocatingElementHandler.invoke(LocatingElementHandler.java:38)
	at jdk.proxy2/jdk.proxy2.$Proxy13.click(Unknown Source)
	at factorialsiteCheck.BugFound.bug2(BugFound.java:26)
	at java.base/java.util.ArrayList.forEach(ArrayList.java:1511)
	at java.base/java.util.concurrent.FutureTask.run(FutureTask.java:264)
	at java.base/java.util.concurrent.ThreadPoolExecutor.runWorker(ThreadPoolExecutor.java:1136)
	at java.base/java.util.concurrent.ThreadPoolExecutor$Worker.run(ThreadPoolExecutor.java:635)
	at java.base/java.lang.Thread.run(Thread.java:840)
... Removed 17 stack frames</div></td></tr></table><p class="totop"><a href="#summary">back to summary</a></p>
<h3 id="m16">factorialsiteCheck.ElimentsValidation#validation</h3><table class="result"><tr><th class="invisible"/></tr></table><p class="totop"><a href="#summary">back to summary</a></p>
<h3 id="m17">factorialsiteCheck.FactorialresultCheck#factorialCheck</h3><table class="result"><tr class="param"><th>Parameter #1</th></tr><tr class="param stripe"><td>4</td></tr></table><p class="totop"><a href="#summary">back to summary</a></p>
<h3 id="m18">factorialsiteCheck.FactorialresultCheck#factorialCheck</h3><table class="result"><tr class="param"><th>Parameter #1</th></tr><tr class="param stripe"><td>5</td></tr></table><p class="totop"><a href="#summary">back to summary</a></p>
<h3 id="m19">factorialsiteCheck.FactorialresultCheck#factorialCheck</h3><table class="result"><tr class="param"><th>Parameter #1</th></tr><tr class="param stripe"><td>10</td></tr></table><p class="totop"><a href="#summary">back to summary</a></p>
<h3 id="m20">factorialsiteCheck.FactorialresultCheck#factorialCheck</h3><table class="result"><tr class="param"><th>Parameter #1</th></tr><tr class="param stripe"><td>6</td></tr></table><p class="totop"><a href="#summary">back to summary</a></p>
<h3 id="m21">factorialsiteCheck.FactorialresultCheck#factorialCheck</h3><table class="result"><tr class="param"><th>Parameter #1</th></tr><tr class="param stripe"><td>8</td></tr></table><p class="totop"><a href="#summary">back to summary</a></p>
<h3 id="m22">factorialsiteCheck.FactorialresultCheck#factorialCheck</h3><table class="result"><tr class="param"><th>Parameter #1</th></tr><tr class="param stripe"><td>9</td></tr></table><p class="totop"><a href="#summary">back to summary</a></p>
<h3 id="m23">factorialsiteCheck.FactorialresultCheck#factorialCheck</h3><table class="result"><tr class="param"><th>Parameter #1</th></tr><tr class="param stripe"><td>7</td></tr></table><p class="totop"><a href="#summary">back to summary</a></p>
<h3 id="m24">factorialsiteCheck.Totallink#aboutlink</h3><table class="result"><tr><th class="invisible"/></tr></table><p class="totop"><a href="#summary">back to summary</a></p>
<h3 id="m25">factorialsiteCheck.ValidationAttributesCheck#verifyPage</h3><table class="result"><tr><th class="invisible"/></tr></table><p class="totop"><a href="#summary">back to summary</a></p>
<h3 id="m26">factorialsiteCheck.ValidationAttributesCheck#verifyUrl</h3><table class="result"><tr><th class="invisible"/></tr></table><p class="totop"><a href="#summary">back to summary</a></p>
<h3 id="m27">factorialsiteCheck.ValidationAttributesCheck#verifytextboxPlaceholder</h3><table class="result"><tr><th class="invisible"/></tr></table><p class="totop"><a href="#summary">back to summary</a></p>
<h2>Regression Test 2</h2><h3 id="m28">factorialsiteCheck.BugFound#bug1</h3><table class="result"><tr><th>Exception</th></tr><tr><td><div class="stacktrace">java.lang.NullPointerException: Cannot invoke &quot;org.openqa.selenium.SearchContext.findElement(org.openqa.selenium.By)&quot; because &quot;this.searchContext&quot; is null
	at org.openqa.selenium.support.pagefactory.DefaultElementLocator.findElement(DefaultElementLocator.java:68)
	at org.openqa.selenium.support.pagefactory.internal.LocatingElementHandler.invoke(LocatingElementHandler.java:38)
	at jdk.proxy2/jdk.proxy2.$Proxy13.click(Unknown Source)
	at factorialsiteCheck.BugFound.bug1(BugFound.java:18)
	at java.base/java.util.ArrayList.forEach(ArrayList.java:1511)
	at java.base/java.util.concurrent.FutureTask.run(FutureTask.java:264)
	at java.base/java.util.concurrent.ThreadPoolExecutor.runWorker(ThreadPoolExecutor.java:1136)
	at java.base/java.util.concurrent.ThreadPoolExecutor$Worker.run(ThreadPoolExecutor.java:635)
	at java.base/java.lang.Thread.run(Thread.java:840)
... Removed 17 stack frames</div></td></tr></table><p class="totop"><a href="#summary">back to summary</a></p>
<h3 id="m29">factorialsiteCheck.BugFound#bug2</h3><table class="result"><tr><th>Exception</th></tr><tr><td><div class="stacktrace">java.lang.NullPointerException: Cannot invoke &quot;org.openqa.selenium.SearchContext.findElement(org.openqa.selenium.By)&quot; because &quot;this.searchContext&quot; is null
	at org.openqa.selenium.support.pagefactory.DefaultElementLocator.findElement(DefaultElementLocator.java:68)
	at org.openqa.selenium.support.pagefactory.internal.LocatingElementHandler.invoke(LocatingElementHandler.java:38)
	at jdk.proxy2/jdk.proxy2.$Proxy13.click(Unknown Source)
	at factorialsiteCheck.BugFound.bug2(BugFound.java:26)
	at java.base/java.util.ArrayList.forEach(ArrayList.java:1511)
	at java.base/java.util.concurrent.FutureTask.run(FutureTask.java:264)
	at java.base/java.util.concurrent.ThreadPoolExecutor.runWorker(ThreadPoolExecutor.java:1136)
	at java.base/java.util.concurrent.ThreadPoolExecutor$Worker.run(ThreadPoolExecutor.java:635)
	at java.base/java.lang.Thread.run(Thread.java:840)
... Removed 17 stack frames</div></td></tr></table><p class="totop"><a href="#summary">back to summary</a></p>
<h3 id="m30">factorialsiteCheck.ElimentsValidation#validation</h3><table class="result"><tr><th class="invisible"/></tr></table><p class="totop"><a href="#summary">back to summary</a></p>
<h3 id="m31">factorialsiteCheck.FactorialresultCheck#factorialCheck</h3><table class="result"><tr class="param"><th>Parameter #1</th></tr><tr class="param stripe"><td>8</td></tr></table><p class="totop"><a href="#summary">back to summary</a></p>
<h3 id="m32">factorialsiteCheck.FactorialresultCheck#factorialCheck</h3><table class="result"><tr class="param"><th>Parameter #1</th></tr><tr class="param stripe"><td>6</td></tr></table><p class="totop"><a href="#summary">back to summary</a></p>
<h3 id="m33">factorialsiteCheck.FactorialresultCheck#factorialCheck</h3><table class="result"><tr class="param"><th>Parameter #1</th></tr><tr class="param stripe"><td>4</td></tr></table><p class="totop"><a href="#summary">back to summary</a></p>
<h3 id="m34">factorialsiteCheck.FactorialresultCheck#factorialCheck</h3><table class="result"><tr class="param"><th>Parameter #1</th></tr><tr class="param stripe"><td>9</td></tr></table><p class="totop"><a href="#summary">back to summary</a></p>
<h3 id="m35">factorialsiteCheck.FactorialresultCheck#factorialCheck</h3><table class="result"><tr class="param"><th>Parameter #1</th></tr><tr class="param stripe"><td>5</td></tr></table><p class="totop"><a href="#summary">back to summary</a></p>
<h3 id="m36">factorialsiteCheck.FactorialresultCheck#factorialCheck</h3><table class="result"><tr class="param"><th>Parameter #1</th></tr><tr class="param stripe"><td>10</td></tr></table><p class="totop"><a href="#summary">back to summary</a></p>
<h3 id="m37">factorialsiteCheck.FactorialresultCheck#factorialCheck</h3><table class="result"><tr class="param"><th>Parameter #1</th></tr><tr class="param stripe"><td>7</td></tr></table><p class="totop"><a href="#summary">back to summary</a></p>
<h3 id="m38">factorialsiteCheck.Totallink#aboutlink</h3><table class="result"><tr><th class="invisible"/></tr></table><p class="totop"><a href="#summary">back to summary</a></p>
<h3 id="m39">factorialsiteCheck.ValidationAttributesCheck#verifyPage</h3><table class="result"><tr><th class="invisible"/></tr></table><p class="totop"><a href="#summary">back to summary</a></p>
<h3 id="m40">factorialsiteCheck.ValidationAttributesCheck#verifyUrl</h3><table class="result"><tr><th class="invisible"/></tr></table><p class="totop"><a href="#summary">back to summary</a></p>
<h3 id="m41">factorialsiteCheck.ValidationAttributesCheck#verifytextboxPlaceholder</h3><table class="result"><tr><th class="invisible"/></tr></table><p class="totop"><a href="#summary">back to summary</a></p>
</body>
</html>
