<?xml version="1.0" encoding="UTF-8"?>
<testng-results ignored="0" total="42" passed="36" failed="6" skipped="0">
  <reporter-output>
  </reporter-output>
  <suite started-at="2025-11-24T15:34:46 IST" name="Regression Suite" finished-at="2025-11-24T15:37:19 IST" duration-ms="152567">
    <groups>
    </groups>
    <test started-at="2025-11-24T15:34:46 IST" name="Regression Test 3" finished-at="2025-11-24T15:36:18 IST" duration-ms="91790">
      <class name="factorialsiteCheck.FactorialresultCheck">
        <test-method is-config="true" signature="openBrowser(java.lang.String)[pri:0, instance:factorialsiteCheck.FactorialresultCheck@38145825]" started-at="2025-11-24T15:35:11 IST" name="openBrowser" finished-at="2025-11-24T15:35:16 IST" duration-ms="5136" status="PASS">
          <params>
            <param index="0">
              <value>
                <![CDATA[edge]]>
              </value>
            </param>
          </params>
          <reporter-output>
          </reporter-output>
        </test-method> <!-- openBrowser -->
        <test-method signature="factorialCheck(int)[pri:5, instance:factorialsiteCheck.FactorialresultCheck@38145825]" started-at="2025-11-24T15:35:16 IST" name="factorialCheck" data-provider="factorial number" finished-at="2025-11-24T15:35:18 IST" duration-ms="1628" status="PASS">
          <params>
            <param index="0">
              <value>
                <![CDATA[4]]>
              </value>
            </param>
          </params>
          <reporter-output>
          </reporter-output>
        </test-method> <!-- factorialCheck -->
        <test-method is-config="true" signature="close()[pri:0, instance:factorialsiteCheck.FactorialresultCheck@38145825]" started-at="2025-11-24T15:35:18 IST" name="close" finished-at="2025-11-24T15:35:18 IST" duration-ms="393" status="PASS">
          <reporter-output>
          </reporter-output>
        </test-method> <!-- close -->
        <test-method is-config="true" signature="openBrowser(java.lang.String)[pri:0, instance:factorialsiteCheck.FactorialresultCheck@38145825]" started-at="2025-11-24T15:35:18 IST" name="openBrowser" finished-at="2025-11-24T15:35:22 IST" duration-ms="3690" status="PASS">
          <params>
            <param index="0">
              <value>
                <![CDATA[edge]]>
              </value>
            </param>
          </params>
          <reporter-output>
          </reporter-output>
        </test-method> <!-- openBrowser -->
        <test-method signature="factorialCheck(int)[pri:5, instance:factorialsiteCheck.FactorialresultCheck@38145825]" started-at="2025-11-24T15:35:22 IST" name="factorialCheck" data-provider="factorial number" finished-at="2025-11-24T15:35:23 IST" duration-ms="1644" status="PASS">
          <params>
            <param index="0">
              <value>
                <![CDATA[5]]>
              </value>
            </param>
          </params>
          <reporter-output>
          </reporter-output>
        </test-method> <!-- factorialCheck -->
        <test-method is-config="true" signature="close()[pri:0, instance:factorialsiteCheck.FactorialresultCheck@38145825]" started-at="2025-11-24T15:35:23 IST" name="close" finished-at="2025-11-24T15:35:24 IST" duration-ms="236" status="PASS">
          <reporter-output>
          </reporter-output>
        </test-method> <!-- close -->
        <test-method is-config="true" signature="openBrowser(java.lang.String)[pri:0, instance:factorialsiteCheck.FactorialresultCheck@38145825]" started-at="2025-11-24T15:35:24 IST" name="openBrowser" finished-at="2025-11-24T15:35:28 IST" duration-ms="4850" status="PASS">
          <params>
            <param index="0">
              <value>
                <![CDATA[edge]]>
              </value>
            </param>
          </params>
          <reporter-output>
          </reporter-output>
        </test-method> <!-- openBrowser -->
        <test-method signature="factorialCheck(int)[pri:5, instance:factorialsiteCheck.FactorialresultCheck@38145825]" started-at="2025-11-24T15:35:28 IST" name="factorialCheck" data-provider="factorial number" finished-at="2025-11-24T15:35:30 IST" duration-ms="2006" status="PASS">
          <params>
            <param index="0">
              <value>
                <![CDATA[6]]>
              </value>
            </param>
          </params>
          <reporter-output>
          </reporter-output>
        </test-method> <!-- factorialCheck -->
        <test-method is-config="true" signature="close()[pri:0, instance:factorialsiteCheck.FactorialresultCheck@38145825]" started-at="2025-11-24T15:35:30 IST" name="close" finished-at="2025-11-24T15:35:31 IST" duration-ms="320" status="PASS">
          <reporter-output>
          </reporter-output>
        </test-method> <!-- close -->
        <test-method is-config="true" signature="openBrowser(java.lang.String)[pri:0, instance:factorialsiteCheck.FactorialresultCheck@38145825]" started-at="2025-11-24T15:35:31 IST" name="openBrowser" finished-at="2025-11-24T15:35:35 IST" duration-ms="4036" status="PASS">
          <params>
            <param index="0">
              <value>
                <![CDATA[edge]]>
              </value>
            </param>
          </params>
          <reporter-output>
          </reporter-output>
        </test-method> <!-- openBrowser -->
        <test-method signature="factorialCheck(int)[pri:5, instance:factorialsiteCheck.FactorialresultCheck@38145825]" started-at="2025-11-24T15:35:35 IST" name="factorialCheck" data-provider="factorial number" finished-at="2025-11-24T15:35:37 IST" duration-ms="1787" status="PASS">
          <params>
            <param index="0">
              <value>
                <![CDATA[7]]>
              </value>
            </param>
          </params>
          <reporter-output>
          </reporter-output>
        </test-method> <!-- factorialCheck -->
        <test-method is-config="true" signature="close()[pri:0, instance:factorialsiteCheck.FactorialresultCheck@38145825]" started-at="2025-11-24T15:35:37 IST" name="close" finished-at="2025-11-24T15:35:37 IST" duration-ms="420" status="PASS">
          <reporter-output>
          </reporter-output>
        </test-method> <!-- close -->
        <test-method is-config="true" signature="openBrowser(java.lang.String)[pri:0, instance:factorialsiteCheck.FactorialresultCheck@38145825]" started-at="2025-11-24T15:35:37 IST" name="openBrowser" finished-at="2025-11-24T15:35:42 IST" duration-ms="4631" status="PASS">
          <params>
            <param index="0">
              <value>
                <![CDATA[edge]]>
              </value>
            </param>
          </params>
          <reporter-output>
          </reporter-output>
        </test-method> <!-- openBrowser -->
        <test-method signature="factorialCheck(int)[pri:5, instance:factorialsiteCheck.FactorialresultCheck@38145825]" started-at="2025-11-24T15:35:42 IST" name="factorialCheck" data-provider="factorial number" finished-at="2025-11-24T15:35:44 IST" duration-ms="2227" status="PASS">
          <params>
            <param index="0">
              <value>
                <![CDATA[8]]>
              </value>
            </param>
          </params>
          <reporter-output>
          </reporter-output>
        </test-method> <!-- factorialCheck -->
        <test-method is-config="true" signature="close()[pri:0, instance:factorialsiteCheck.FactorialresultCheck@38145825]" started-at="2025-11-24T15:35:44 IST" name="close" finished-at="2025-11-24T15:35:45 IST" duration-ms="1443" status="PASS">
          <reporter-output>
          </reporter-output>
        </test-method> <!-- close -->
        <test-method is-config="true" signature="openBrowser(java.lang.String)[pri:0, instance:factorialsiteCheck.FactorialresultCheck@38145825]" started-at="2025-11-24T15:35:45 IST" name="openBrowser" finished-at="2025-11-24T15:35:49 IST" duration-ms="4049" status="PASS">
          <params>
            <param index="0">
              <value>
                <![CDATA[edge]]>
              </value>
            </param>
          </params>
          <reporter-output>
          </reporter-output>
        </test-method> <!-- openBrowser -->
        <test-method signature="factorialCheck(int)[pri:5, instance:factorialsiteCheck.FactorialresultCheck@38145825]" started-at="2025-11-24T15:35:49 IST" name="factorialCheck" data-provider="factorial number" finished-at="2025-11-24T15:35:51 IST" duration-ms="1882" status="PASS">
          <params>
            <param index="0">
              <value>
                <![CDATA[9]]>
              </value>
            </param>
          </params>
          <reporter-output>
          </reporter-output>
        </test-method> <!-- factorialCheck -->
        <test-method is-config="true" signature="close()[pri:0, instance:factorialsiteCheck.FactorialresultCheck@38145825]" started-at="2025-11-24T15:35:51 IST" name="close" finished-at="2025-11-24T15:35:52 IST" duration-ms="558" status="PASS">
          <reporter-output>
          </reporter-output>
        </test-method> <!-- close -->
        <test-method is-config="true" signature="openBrowser(java.lang.String)[pri:0, instance:factorialsiteCheck.FactorialresultCheck@38145825]" started-at="2025-11-24T15:35:52 IST" name="openBrowser" finished-at="2025-11-24T15:35:58 IST" duration-ms="5730" status="PASS">
          <params>
            <param index="0">
              <value>
                <![CDATA[edge]]>
              </value>
            </param>
          </params>
          <reporter-output>
          </reporter-output>
        </test-method> <!-- openBrowser -->
        <test-method signature="factorialCheck(int)[pri:5, instance:factorialsiteCheck.FactorialresultCheck@38145825]" started-at="2025-11-24T15:35:58 IST" name="factorialCheck" data-provider="factorial number" finished-at="2025-11-24T15:36:00 IST" duration-ms="1933" status="PASS">
          <params>
            <param index="0">
              <value>
                <![CDATA[10]]>
              </value>
            </param>
          </params>
          <reporter-output>
          </reporter-output>
        </test-method> <!-- factorialCheck -->
        <test-method is-config="true" signature="close()[pri:0, instance:factorialsiteCheck.FactorialresultCheck@38145825]" started-at="2025-11-24T15:36:00 IST" name="close" finished-at="2025-11-24T15:36:00 IST" duration-ms="703" status="PASS">
          <reporter-output>
          </reporter-output>
        </test-method> <!-- close -->
      </class> <!-- factorialsiteCheck.FactorialresultCheck -->
      <class name="factorialsiteCheck.ValidationAttributesCheck">
        <test-method is-config="true" signature="openBrowser(java.lang.String)[pri:0, instance:factorialsiteCheck.ValidationAttributesCheck@5a7fe64f]" started-at="2025-11-24T15:34:55 IST" name="openBrowser" finished-at="2025-11-24T15:35:00 IST" duration-ms="5421" status="PASS">
          <params>
            <param index="0">
              <value>
                <![CDATA[edge]]>
              </value>
            </param>
          </params>
          <reporter-output>
          </reporter-output>
        </test-method> <!-- openBrowser -->
        <test-method signature="verifytextboxPlaceholder()[pri:1, instance:factorialsiteCheck.ValidationAttributesCheck@5a7fe64f]" started-at="2025-11-24T15:35:00 IST" name="verifytextboxPlaceholder" finished-at="2025-11-24T15:35:00 IST" duration-ms="108" status="PASS">
          <reporter-output>
          </reporter-output>
        </test-method> <!-- verifytextboxPlaceholder -->
        <test-method is-config="true" signature="close()[pri:0, instance:factorialsiteCheck.ValidationAttributesCheck@5a7fe64f]" started-at="2025-11-24T15:35:00 IST" name="close" finished-at="2025-11-24T15:35:01 IST" duration-ms="958" status="PASS">
          <reporter-output>
          </reporter-output>
        </test-method> <!-- close -->
        <test-method is-config="true" signature="openBrowser(java.lang.String)[pri:0, instance:factorialsiteCheck.ValidationAttributesCheck@5a7fe64f]" started-at="2025-11-24T15:35:01 IST" name="openBrowser" finished-at="2025-11-24T15:35:06 IST" duration-ms="4762" status="PASS">
          <params>
            <param index="0">
              <value>
                <![CDATA[edge]]>
              </value>
            </param>
          </params>
          <reporter-output>
          </reporter-output>
        </test-method> <!-- openBrowser -->
        <test-method signature="verifyPage()[pri:2, instance:factorialsiteCheck.ValidationAttributesCheck@5a7fe64f]" started-at="2025-11-24T15:35:06 IST" name="verifyPage" finished-at="2025-11-24T15:35:06 IST" duration-ms="36" status="PASS">
          <reporter-output>
          </reporter-output>
        </test-method> <!-- verifyPage -->
        <test-method is-config="true" signature="close()[pri:0, instance:factorialsiteCheck.ValidationAttributesCheck@5a7fe64f]" started-at="2025-11-24T15:35:06 IST" name="close" finished-at="2025-11-24T15:35:06 IST" duration-ms="489" status="PASS">
          <reporter-output>
          </reporter-output>
        </test-method> <!-- close -->
        <test-method is-config="true" signature="openBrowser(java.lang.String)[pri:0, instance:factorialsiteCheck.ValidationAttributesCheck@5a7fe64f]" started-at="2025-11-24T15:35:06 IST" name="openBrowser" finished-at="2025-11-24T15:35:11 IST" duration-ms="4038" status="PASS">
          <params>
            <param index="0">
              <value>
                <![CDATA[edge]]>
              </value>
            </param>
          </params>
          <reporter-output>
          </reporter-output>
        </test-method> <!-- openBrowser -->
        <test-method signature="verifyUrl()[pri:3, instance:factorialsiteCheck.ValidationAttributesCheck@5a7fe64f]" started-at="2025-11-24T15:35:11 IST" name="verifyUrl" finished-at="2025-11-24T15:35:11 IST" duration-ms="10" status="PASS">
          <reporter-output>
          </reporter-output>
        </test-method> <!-- verifyUrl -->
        <test-method is-config="true" signature="close()[pri:0, instance:factorialsiteCheck.ValidationAttributesCheck@5a7fe64f]" started-at="2025-11-24T15:35:11 IST" name="close" finished-at="2025-11-24T15:35:11 IST" duration-ms="353" status="PASS">
          <reporter-output>
          </reporter-output>
        </test-method> <!-- close -->
      </class> <!-- factorialsiteCheck.ValidationAttributesCheck -->
      <class name="factorialsiteCheck.BugFound">
        <test-method is-config="true" signature="openBrowser(java.lang.String)[pri:0, instance:factorialsiteCheck.BugFound@1b66c0fb]" started-at="2025-11-24T15:36:07 IST" name="openBrowser" finished-at="2025-11-24T15:36:11 IST" duration-ms="4238" status="PASS">
          <params>
            <param index="0">
              <value>
                <![CDATA[edge]]>
              </value>
            </param>
          </params>
          <reporter-output>
          </reporter-output>
        </test-method> <!-- openBrowser -->
        <test-method signature="bug1()[pri:7, instance:factorialsiteCheck.BugFound@1b66c0fb]" started-at="2025-11-24T15:36:11 IST" name="bug1" finished-at="2025-11-24T15:36:11 IST" duration-ms="5" status="FAIL">
          <exception class="java.lang.NullPointerException">
            <message>
              <![CDATA[Cannot invoke "org.openqa.selenium.SearchContext.findElement(org.openqa.selenium.By)" because "this.searchContext" is null]]>
            </message>
            <full-stacktrace>
              <![CDATA[java.lang.NullPointerException: Cannot invoke "org.openqa.selenium.SearchContext.findElement(org.openqa.selenium.By)" because "this.searchContext" is null
at org.openqa.selenium.support.pagefactory.DefaultElementLocator.findElement(DefaultElementLocator.java:68)
at org.openqa.selenium.support.pagefactory.internal.LocatingElementHandler.invoke(LocatingElementHandler.java:38)
at jdk.proxy2/jdk.proxy2.$Proxy13.click(Unknown Source)
at factorialsiteCheck.BugFound.bug1(BugFound.java:18)
at java.base/jdk.internal.reflect.NativeMethodAccessorImpl.invoke0(Native Method)
at java.base/jdk.internal.reflect.NativeMethodAccessorImpl.invoke(NativeMethodAccessorImpl.java:77)
at java.base/jdk.internal.reflect.DelegatingMethodAccessorImpl.invoke(DelegatingMethodAccessorImpl.java:43)
at java.base/java.lang.reflect.Method.invoke(Method.java:568)
at org.testng.internal.invokers.MethodInvocationHelper.invokeMethod(MethodInvocationHelper.java:139)
at org.testng.internal.invokers.TestInvoker.invokeMethod(TestInvoker.java:664)
at org.testng.internal.invokers.TestInvoker.invokeTestMethod(TestInvoker.java:228)
at org.testng.internal.invokers.MethodRunner.runInSequence(MethodRunner.java:63)
at org.testng.internal.invokers.TestInvoker$MethodInvocationAgent.invoke(TestInvoker.java:961)
at org.testng.internal.invokers.TestInvoker.invokeTestMethods(TestInvoker.java:201)
at org.testng.internal.invokers.TestMethodWorker.invokeTestMethods(TestMethodWorker.java:148)
at org.testng.internal.invokers.TestMethodWorker.run(TestMethodWorker.java:128)
at java.base/java.util.ArrayList.forEach(ArrayList.java:1511)
at org.testng.TestRunner.privateRun(TestRunner.java:819)
at org.testng.TestRunner.run(TestRunner.java:619)
at org.testng.SuiteRunner.runTest(SuiteRunner.java:443)
at org.testng.SuiteRunner$SuiteWorker.run(SuiteRunner.java:481)
at org.testng.internal.thread.ThreadUtil.lambda$execute$0(ThreadUtil.java:58)
at java.base/java.util.concurrent.FutureTask.run(FutureTask.java:264)
at java.base/java.util.concurrent.ThreadPoolExecutor.runWorker(ThreadPoolExecutor.java:1136)
at java.base/java.util.concurrent.ThreadPoolExecutor$Worker.run(ThreadPoolExecutor.java:635)
at java.base/java.lang.Thread.run(Thread.java:840)
]]>
            </full-stacktrace>
          </exception> <!-- java.lang.NullPointerException -->
          <reporter-output>
          </reporter-output>
        </test-method> <!-- bug1 -->
        <test-method is-config="true" signature="close()[pri:0, instance:factorialsiteCheck.BugFound@1b66c0fb]" started-at="2025-11-24T15:36:11 IST" name="close" finished-at="2025-11-24T15:36:12 IST" duration-ms="798" status="PASS">
          <reporter-output>
          </reporter-output>
        </test-method> <!-- close -->
        <test-method is-config="true" signature="openBrowser(java.lang.String)[pri:0, instance:factorialsiteCheck.BugFound@1b66c0fb]" started-at="2025-11-24T15:36:12 IST" name="openBrowser" finished-at="2025-11-24T15:36:17 IST" duration-ms="4994" status="PASS">
          <params>
            <param index="0">
              <value>
                <![CDATA[edge]]>
              </value>
            </param>
          </params>
          <reporter-output>
          </reporter-output>
        </test-method> <!-- openBrowser -->
        <test-method signature="bug2()[pri:8, instance:factorialsiteCheck.BugFound@1b66c0fb]" started-at="2025-11-24T15:36:17 IST" name="bug2" finished-at="2025-11-24T15:36:17 IST" duration-ms="9" status="FAIL">
          <exception class="java.lang.NullPointerException">
            <message>
              <![CDATA[Cannot invoke "org.openqa.selenium.SearchContext.findElement(org.openqa.selenium.By)" because "this.searchContext" is null]]>
            </message>
            <full-stacktrace>
              <![CDATA[java.lang.NullPointerException: Cannot invoke "org.openqa.selenium.SearchContext.findElement(org.openqa.selenium.By)" because "this.searchContext" is null
at org.openqa.selenium.support.pagefactory.DefaultElementLocator.findElement(DefaultElementLocator.java:68)
at org.openqa.selenium.support.pagefactory.internal.LocatingElementHandler.invoke(LocatingElementHandler.java:38)
at jdk.proxy2/jdk.proxy2.$Proxy13.click(Unknown Source)
at factorialsiteCheck.BugFound.bug2(BugFound.java:26)
at java.base/jdk.internal.reflect.NativeMethodAccessorImpl.invoke0(Native Method)
at java.base/jdk.internal.reflect.NativeMethodAccessorImpl.invoke(NativeMethodAccessorImpl.java:77)
at java.base/jdk.internal.reflect.DelegatingMethodAccessorImpl.invoke(DelegatingMethodAccessorImpl.java:43)
at java.base/java.lang.reflect.Method.invoke(Method.java:568)
at org.testng.internal.invokers.MethodInvocationHelper.invokeMethod(MethodInvocationHelper.java:139)
at org.testng.internal.invokers.TestInvoker.invokeMethod(TestInvoker.java:664)
at org.testng.internal.invokers.TestInvoker.invokeTestMethod(TestInvoker.java:228)
at org.testng.internal.invokers.MethodRunner.runInSequence(MethodRunner.java:63)
at org.testng.internal.invokers.TestInvoker$MethodInvocationAgent.invoke(TestInvoker.java:961)
at org.testng.internal.invokers.TestInvoker.invokeTestMethods(TestInvoker.java:201)
at org.testng.internal.invokers.TestMethodWorker.invokeTestMethods(TestMethodWorker.java:148)
at org.testng.internal.invokers.TestMethodWorker.run(TestMethodWorker.java:128)
at java.base/java.util.ArrayList.forEach(ArrayList.java:1511)
at org.testng.TestRunner.privateRun(TestRunner.java:819)
at org.testng.TestRunner.run(TestRunner.java:619)
at org.testng.SuiteRunner.runTest(SuiteRunner.java:443)
at org.testng.SuiteRunner$SuiteWorker.run(SuiteRunner.java:481)
at org.testng.internal.thread.ThreadUtil.lambda$execute$0(ThreadUtil.java:58)
at java.base/java.util.concurrent.FutureTask.run(FutureTask.java:264)
at java.base/java.util.concurrent.ThreadPoolExecutor.runWorker(ThreadPoolExecutor.java:1136)
at java.base/java.util.concurrent.ThreadPoolExecutor$Worker.run(ThreadPoolExecutor.java:635)
at java.base/java.lang.Thread.run(Thread.java:840)
]]>
            </full-stacktrace>
          </exception> <!-- java.lang.NullPointerException -->
          <reporter-output>
          </reporter-output>
        </test-method> <!-- bug2 -->
        <test-method is-config="true" signature="close()[pri:0, instance:factorialsiteCheck.BugFound@1b66c0fb]" started-at="2025-11-24T15:36:17 IST" name="close" finished-at="2025-11-24T15:36:18 IST" duration-ms="750" status="PASS">
          <reporter-output>
          </reporter-output>
        </test-method> <!-- close -->
      </class> <!-- factorialsiteCheck.BugFound -->
      <class name="factorialsiteCheck.ElimentsValidation">
        <test-method is-config="true" signature="openBrowser(java.lang.String)[pri:0, instance:factorialsiteCheck.ElimentsValidation@12591ac8]" started-at="2025-11-24T15:34:46 IST" name="openBrowser" finished-at="2025-11-24T15:34:54 IST" duration-ms="7795" status="PASS">
          <params>
            <param index="0">
              <value>
                <![CDATA[edge]]>
              </value>
            </param>
          </params>
          <reporter-output>
          </reporter-output>
        </test-method> <!-- openBrowser -->
        <test-method signature="validation()[pri:0, instance:factorialsiteCheck.ElimentsValidation@12591ac8]" started-at="2025-11-24T15:34:54 IST" name="validation" finished-at="2025-11-24T15:34:54 IST" duration-ms="488" status="PASS">
          <reporter-output>
          </reporter-output>
        </test-method> <!-- validation -->
        <test-method is-config="true" signature="close()[pri:0, instance:factorialsiteCheck.ElimentsValidation@12591ac8]" started-at="2025-11-24T15:34:54 IST" name="close" finished-at="2025-11-24T15:34:55 IST" duration-ms="297" status="PASS">
          <reporter-output>
          </reporter-output>
        </test-method> <!-- close -->
      </class> <!-- factorialsiteCheck.ElimentsValidation -->
      <class name="factorialsiteCheck.Totallink">
        <test-method is-config="true" signature="openBrowser(java.lang.String)[pri:0, instance:factorialsiteCheck.Totallink@41330d4f]" started-at="2025-11-24T15:36:00 IST" name="openBrowser" finished-at="2025-11-24T15:36:04 IST" duration-ms="3767" status="PASS">
          <params>
            <param index="0">
              <value>
                <![CDATA[edge]]>
              </value>
            </param>
          </params>
          <reporter-output>
          </reporter-output>
        </test-method> <!-- openBrowser -->
        <test-method signature="aboutlink()[pri:6, instance:factorialsiteCheck.Totallink@41330d4f]" started-at="2025-11-24T15:36:04 IST" name="aboutlink" finished-at="2025-11-24T15:36:06 IST" duration-ms="2401" status="PASS">
          <reporter-output>
          </reporter-output>
        </test-method> <!-- aboutlink -->
        <test-method is-config="true" signature="close()[pri:0, instance:factorialsiteCheck.Totallink@41330d4f]" started-at="2025-11-24T15:36:06 IST" name="close" finished-at="2025-11-24T15:36:07 IST" duration-ms="485" status="PASS">
          <reporter-output>
          </reporter-output>
        </test-method> <!-- close -->
      </class> <!-- factorialsiteCheck.Totallink -->
    </test> <!-- Regression Test 3 -->
    <test started-at="2025-11-24T15:34:46 IST" name="Regression Test" finished-at="2025-11-24T15:36:31 IST" duration-ms="104613">
      <class name="factorialsiteCheck.FactorialresultCheck">
        <test-method is-config="true" signature="openBrowser(java.lang.String)[pri:0, instance:factorialsiteCheck.FactorialresultCheck@74e28667]" started-at="2025-11-24T15:35:16 IST" name="openBrowser" finished-at="2025-11-24T15:35:21 IST" duration-ms="5114" status="PASS">
          <params>
            <param index="0">
              <value>
                <![CDATA[chrome]]>
              </value>
            </param>
          </params>
          <reporter-output>
          </reporter-output>
        </test-method> <!-- openBrowser -->
        <test-method signature="factorialCheck(int)[pri:5, instance:factorialsiteCheck.FactorialresultCheck@74e28667]" started-at="2025-11-24T15:35:21 IST" name="factorialCheck" data-provider="factorial number" finished-at="2025-11-24T15:35:23 IST" duration-ms="1773" status="PASS">
          <params>
            <param index="0">
              <value>
                <![CDATA[4]]>
              </value>
            </param>
          </params>
          <reporter-output>
          </reporter-output>
        </test-method> <!-- factorialCheck -->
        <test-method is-config="true" signature="close()[pri:0, instance:factorialsiteCheck.FactorialresultCheck@74e28667]" started-at="2025-11-24T15:35:23 IST" name="close" finished-at="2025-11-24T15:35:23 IST" duration-ms="233" status="PASS">
          <reporter-output>
          </reporter-output>
        </test-method> <!-- close -->
        <test-method is-config="true" signature="openBrowser(java.lang.String)[pri:0, instance:factorialsiteCheck.FactorialresultCheck@74e28667]" started-at="2025-11-24T15:35:23 IST" name="openBrowser" finished-at="2025-11-24T15:35:28 IST" duration-ms="5111" status="PASS">
          <params>
            <param index="0">
              <value>
                <![CDATA[chrome]]>
              </value>
            </param>
          </params>
          <reporter-output>
          </reporter-output>
        </test-method> <!-- openBrowser -->
        <test-method signature="factorialCheck(int)[pri:5, instance:factorialsiteCheck.FactorialresultCheck@74e28667]" started-at="2025-11-24T15:35:28 IST" name="factorialCheck" data-provider="factorial number" finished-at="2025-11-24T15:35:30 IST" duration-ms="2576" status="PASS">
          <params>
            <param index="0">
              <value>
                <![CDATA[5]]>
              </value>
            </param>
          </params>
          <reporter-output>
          </reporter-output>
        </test-method> <!-- factorialCheck -->
        <test-method is-config="true" signature="close()[pri:0, instance:factorialsiteCheck.FactorialresultCheck@74e28667]" started-at="2025-11-24T15:35:30 IST" name="close" finished-at="2025-11-24T15:35:31 IST" duration-ms="329" status="PASS">
          <reporter-output>
          </reporter-output>
        </test-method> <!-- close -->
        <test-method is-config="true" signature="openBrowser(java.lang.String)[pri:0, instance:factorialsiteCheck.FactorialresultCheck@74e28667]" started-at="2025-11-24T15:35:31 IST" name="openBrowser" finished-at="2025-11-24T15:35:36 IST" duration-ms="5417" status="PASS">
          <params>
            <param index="0">
              <value>
                <![CDATA[chrome]]>
              </value>
            </param>
          </params>
          <reporter-output>
          </reporter-output>
        </test-method> <!-- openBrowser -->
        <test-method signature="factorialCheck(int)[pri:5, instance:factorialsiteCheck.FactorialresultCheck@74e28667]" started-at="2025-11-24T15:35:36 IST" name="factorialCheck" data-provider="factorial number" finished-at="2025-11-24T15:35:38 IST" duration-ms="1487" status="PASS">
          <params>
            <param index="0">
              <value>
                <![CDATA[6]]>
              </value>
            </param>
          </params>
          <reporter-output>
          </reporter-output>
        </test-method> <!-- factorialCheck -->
        <test-method is-config="true" signature="close()[pri:0, instance:factorialsiteCheck.FactorialresultCheck@74e28667]" started-at="2025-11-24T15:35:38 IST" name="close" finished-at="2025-11-24T15:35:39 IST" duration-ms="1126" status="PASS">
          <reporter-output>
          </reporter-output>
        </test-method> <!-- close -->
        <test-method is-config="true" signature="openBrowser(java.lang.String)[pri:0, instance:factorialsiteCheck.FactorialresultCheck@74e28667]" started-at="2025-11-24T15:35:39 IST" name="openBrowser" finished-at="2025-11-24T15:35:45 IST" duration-ms="6086" status="PASS">
          <params>
            <param index="0">
              <value>
                <![CDATA[chrome]]>
              </value>
            </param>
          </params>
          <reporter-output>
          </reporter-output>
        </test-method> <!-- openBrowser -->
        <test-method signature="factorialCheck(int)[pri:5, instance:factorialsiteCheck.FactorialresultCheck@74e28667]" started-at="2025-11-24T15:35:45 IST" name="factorialCheck" data-provider="factorial number" finished-at="2025-11-24T15:35:47 IST" duration-ms="1737" status="PASS">
          <params>
            <param index="0">
              <value>
                <![CDATA[7]]>
              </value>
            </param>
          </params>
          <reporter-output>
          </reporter-output>
        </test-method> <!-- factorialCheck -->
        <test-method is-config="true" signature="close()[pri:0, instance:factorialsiteCheck.FactorialresultCheck@74e28667]" started-at="2025-11-24T15:35:47 IST" name="close" finished-at="2025-11-24T15:35:47 IST" duration-ms="457" status="PASS">
          <reporter-output>
          </reporter-output>
        </test-method> <!-- close -->
        <test-method is-config="true" signature="openBrowser(java.lang.String)[pri:0, instance:factorialsiteCheck.FactorialresultCheck@74e28667]" started-at="2025-11-24T15:35:47 IST" name="openBrowser" finished-at="2025-11-24T15:35:53 IST" duration-ms="5448" status="PASS">
          <params>
            <param index="0">
              <value>
                <![CDATA[chrome]]>
              </value>
            </param>
          </params>
          <reporter-output>
          </reporter-output>
        </test-method> <!-- openBrowser -->
        <test-method signature="factorialCheck(int)[pri:5, instance:factorialsiteCheck.FactorialresultCheck@74e28667]" started-at="2025-11-24T15:35:53 IST" name="factorialCheck" data-provider="factorial number" finished-at="2025-11-24T15:35:55 IST" duration-ms="2826" status="PASS">
          <params>
            <param index="0">
              <value>
                <![CDATA[8]]>
              </value>
            </param>
          </params>
          <reporter-output>
          </reporter-output>
        </test-method> <!-- factorialCheck -->
        <test-method is-config="true" signature="close()[pri:0, instance:factorialsiteCheck.FactorialresultCheck@74e28667]" started-at="2025-11-24T15:35:55 IST" name="close" finished-at="2025-11-24T15:35:57 IST" duration-ms="1200" status="PASS">
          <reporter-output>
          </reporter-output>
        </test-method> <!-- close -->
        <test-method is-config="true" signature="openBrowser(java.lang.String)[pri:0, instance:factorialsiteCheck.FactorialresultCheck@74e28667]" started-at="2025-11-24T15:35:57 IST" name="openBrowser" finished-at="2025-11-24T15:36:02 IST" duration-ms="5407" status="PASS">
          <params>
            <param index="0">
              <value>
                <![CDATA[chrome]]>
              </value>
            </param>
          </params>
          <reporter-output>
          </reporter-output>
        </test-method> <!-- openBrowser -->
        <test-method signature="factorialCheck(int)[pri:5, instance:factorialsiteCheck.FactorialresultCheck@74e28667]" started-at="2025-11-24T15:36:02 IST" name="factorialCheck" data-provider="factorial number" finished-at="2025-11-24T15:36:04 IST" duration-ms="1622" status="PASS">
          <params>
            <param index="0">
              <value>
                <![CDATA[9]]>
              </value>
            </param>
          </params>
          <reporter-output>
          </reporter-output>
        </test-method> <!-- factorialCheck -->
        <test-method is-config="true" signature="close()[pri:0, instance:factorialsiteCheck.FactorialresultCheck@74e28667]" started-at="2025-11-24T15:36:04 IST" name="close" finished-at="2025-11-24T15:36:04 IST" duration-ms="294" status="PASS">
          <reporter-output>
          </reporter-output>
        </test-method> <!-- close -->
        <test-method is-config="true" signature="openBrowser(java.lang.String)[pri:0, instance:factorialsiteCheck.FactorialresultCheck@74e28667]" started-at="2025-11-24T15:36:04 IST" name="openBrowser" finished-at="2025-11-24T15:36:10 IST" duration-ms="5848" status="PASS">
          <params>
            <param index="0">
              <value>
                <![CDATA[chrome]]>
              </value>
            </param>
          </params>
          <reporter-output>
          </reporter-output>
        </test-method> <!-- openBrowser -->
        <test-method signature="factorialCheck(int)[pri:5, instance:factorialsiteCheck.FactorialresultCheck@74e28667]" started-at="2025-11-24T15:36:10 IST" name="factorialCheck" data-provider="factorial number" finished-at="2025-11-24T15:36:12 IST" duration-ms="2423" status="PASS">
          <params>
            <param index="0">
              <value>
                <![CDATA[10]]>
              </value>
            </param>
          </params>
          <reporter-output>
          </reporter-output>
        </test-method> <!-- factorialCheck -->
        <test-method is-config="true" signature="close()[pri:0, instance:factorialsiteCheck.FactorialresultCheck@74e28667]" started-at="2025-11-24T15:36:12 IST" name="close" finished-at="2025-11-24T15:36:13 IST" duration-ms="851" status="PASS">
          <reporter-output>
          </reporter-output>
        </test-method> <!-- close -->
      </class> <!-- factorialsiteCheck.FactorialresultCheck -->
      <class name="factorialsiteCheck.ValidationAttributesCheck">
        <test-method is-config="true" signature="openBrowser(java.lang.String)[pri:0, instance:factorialsiteCheck.ValidationAttributesCheck@7161d8d1]" started-at="2025-11-24T15:34:55 IST" name="openBrowser" finished-at="2025-11-24T15:35:03 IST" duration-ms="7340" status="PASS">
          <params>
            <param index="0">
              <value>
                <![CDATA[chrome]]>
              </value>
            </param>
          </params>
          <reporter-output>
          </reporter-output>
        </test-method> <!-- openBrowser -->
        <test-method signature="verifytextboxPlaceholder()[pri:1, instance:factorialsiteCheck.ValidationAttributesCheck@7161d8d1]" started-at="2025-11-24T15:35:03 IST" name="verifytextboxPlaceholder" finished-at="2025-11-24T15:35:03 IST" duration-ms="499" status="PASS">
          <reporter-output>
          </reporter-output>
        </test-method> <!-- verifytextboxPlaceholder -->
        <test-method is-config="true" signature="close()[pri:0, instance:factorialsiteCheck.ValidationAttributesCheck@7161d8d1]" started-at="2025-11-24T15:35:03 IST" name="close" finished-at="2025-11-24T15:35:04 IST" duration-ms="872" status="PASS">
          <reporter-output>
          </reporter-output>
        </test-method> <!-- close -->
        <test-method is-config="true" signature="openBrowser(java.lang.String)[pri:0, instance:factorialsiteCheck.ValidationAttributesCheck@7161d8d1]" started-at="2025-11-24T15:35:04 IST" name="openBrowser" finished-at="2025-11-24T15:35:09 IST" duration-ms="4998" status="PASS">
          <params>
            <param index="0">
              <value>
                <![CDATA[chrome]]>
              </value>
            </param>
          </params>
          <reporter-output>
          </reporter-output>
        </test-method> <!-- openBrowser -->
        <test-method signature="verifyPage()[pri:2, instance:factorialsiteCheck.ValidationAttributesCheck@7161d8d1]" started-at="2025-11-24T15:35:09 IST" name="verifyPage" finished-at="2025-11-24T15:35:09 IST" duration-ms="28" status="PASS">
          <reporter-output>
          </reporter-output>
        </test-method> <!-- verifyPage -->
        <test-method is-config="true" signature="close()[pri:0, instance:factorialsiteCheck.ValidationAttributesCheck@7161d8d1]" started-at="2025-11-24T15:35:09 IST" name="close" finished-at="2025-11-24T15:35:09 IST" duration-ms="398" status="PASS">
          <reporter-output>
          </reporter-output>
        </test-method> <!-- close -->
        <test-method is-config="true" signature="openBrowser(java.lang.String)[pri:0, instance:factorialsiteCheck.ValidationAttributesCheck@7161d8d1]" started-at="2025-11-24T15:35:09 IST" name="openBrowser" finished-at="2025-11-24T15:35:15 IST" duration-ms="5824" status="PASS">
          <params>
            <param index="0">
              <value>
                <![CDATA[chrome]]>
              </value>
            </param>
          </params>
          <reporter-output>
          </reporter-output>
        </test-method> <!-- openBrowser -->
        <test-method signature="verifyUrl()[pri:3, instance:factorialsiteCheck.ValidationAttributesCheck@7161d8d1]" started-at="2025-11-24T15:35:15 IST" name="verifyUrl" finished-at="2025-11-24T15:35:15 IST" duration-ms="72" status="PASS">
          <reporter-output>
          </reporter-output>
        </test-method> <!-- verifyUrl -->
        <test-method is-config="true" signature="close()[pri:0, instance:factorialsiteCheck.ValidationAttributesCheck@7161d8d1]" started-at="2025-11-24T15:35:15 IST" name="close" finished-at="2025-11-24T15:35:16 IST" duration-ms="304" status="PASS">
          <reporter-output>
          </reporter-output>
        </test-method> <!-- close -->
      </class> <!-- factorialsiteCheck.ValidationAttributesCheck -->
      <class name="factorialsiteCheck.BugFound">
        <test-method is-config="true" signature="openBrowser(java.lang.String)[pri:0, instance:factorialsiteCheck.BugFound@dc7df28]" started-at="2025-11-24T15:36:22 IST" name="openBrowser" finished-at="2025-11-24T15:36:26 IST" duration-ms="4403" status="PASS">
          <params>
            <param index="0">
              <value>
                <![CDATA[chrome]]>
              </value>
            </param>
          </params>
          <reporter-output>
          </reporter-output>
        </test-method> <!-- openBrowser -->
        <test-method signature="bug1()[pri:7, instance:factorialsiteCheck.BugFound@dc7df28]" started-at="2025-11-24T15:36:26 IST" name="bug1" finished-at="2025-11-24T15:36:26 IST" duration-ms="0" status="FAIL">
          <exception class="java.lang.NullPointerException">
            <message>
              <![CDATA[Cannot invoke "org.openqa.selenium.SearchContext.findElement(org.openqa.selenium.By)" because "this.searchContext" is null]]>
            </message>
            <full-stacktrace>
              <![CDATA[java.lang.NullPointerException: Cannot invoke "org.openqa.selenium.SearchContext.findElement(org.openqa.selenium.By)" because "this.searchContext" is null
at org.openqa.selenium.support.pagefactory.DefaultElementLocator.findElement(DefaultElementLocator.java:68)
at org.openqa.selenium.support.pagefactory.internal.LocatingElementHandler.invoke(LocatingElementHandler.java:38)
at jdk.proxy2/jdk.proxy2.$Proxy13.click(Unknown Source)
at factorialsiteCheck.BugFound.bug1(BugFound.java:18)
at java.base/jdk.internal.reflect.NativeMethodAccessorImpl.invoke0(Native Method)
at java.base/jdk.internal.reflect.NativeMethodAccessorImpl.invoke(NativeMethodAccessorImpl.java:77)
at java.base/jdk.internal.reflect.DelegatingMethodAccessorImpl.invoke(DelegatingMethodAccessorImpl.java:43)
at java.base/java.lang.reflect.Method.invoke(Method.java:568)
at org.testng.internal.invokers.MethodInvocationHelper.invokeMethod(MethodInvocationHelper.java:139)
at org.testng.internal.invokers.TestInvoker.invokeMethod(TestInvoker.java:664)
at org.testng.internal.invokers.TestInvoker.invokeTestMethod(TestInvoker.java:228)
at org.testng.internal.invokers.MethodRunner.runInSequence(MethodRunner.java:63)
at org.testng.internal.invokers.TestInvoker$MethodInvocationAgent.invoke(TestInvoker.java:961)
at org.testng.internal.invokers.TestInvoker.invokeTestMethods(TestInvoker.java:201)
at org.testng.internal.invokers.TestMethodWorker.invokeTestMethods(TestMethodWorker.java:148)
at org.testng.internal.invokers.TestMethodWorker.run(TestMethodWorker.java:128)
at java.base/java.util.ArrayList.forEach(ArrayList.java:1511)
at org.testng.TestRunner.privateRun(TestRunner.java:819)
at org.testng.TestRunner.run(TestRunner.java:619)
at org.testng.SuiteRunner.runTest(SuiteRunner.java:443)
at org.testng.SuiteRunner$SuiteWorker.run(SuiteRunner.java:481)
at org.testng.internal.thread.ThreadUtil.lambda$execute$0(ThreadUtil.java:58)
at java.base/java.util.concurrent.FutureTask.run(FutureTask.java:264)
at java.base/java.util.concurrent.ThreadPoolExecutor.runWorker(ThreadPoolExecutor.java:1136)
at java.base/java.util.concurrent.ThreadPoolExecutor$Worker.run(ThreadPoolExecutor.java:635)
at java.base/java.lang.Thread.run(Thread.java:840)
]]>
            </full-stacktrace>
          </exception> <!-- java.lang.NullPointerException -->
          <reporter-output>
          </reporter-output>
        </test-method> <!-- bug1 -->
        <test-method is-config="true" signature="close()[pri:0, instance:factorialsiteCheck.BugFound@dc7df28]" started-at="2025-11-24T15:36:26 IST" name="close" finished-at="2025-11-24T15:36:27 IST" duration-ms="325" status="PASS">
          <reporter-output>
          </reporter-output>
        </test-method> <!-- close -->
        <test-method is-config="true" signature="openBrowser(java.lang.String)[pri:0, instance:factorialsiteCheck.BugFound@dc7df28]" started-at="2025-11-24T15:36:27 IST" name="openBrowser" finished-at="2025-11-24T15:36:30 IST" duration-ms="3789" status="PASS">
          <params>
            <param index="0">
              <value>
                <![CDATA[chrome]]>
              </value>
            </param>
          </params>
          <reporter-output>
          </reporter-output>
        </test-method> <!-- openBrowser -->
        <test-method signature="bug2()[pri:8, instance:factorialsiteCheck.BugFound@dc7df28]" started-at="2025-11-24T15:36:30 IST" name="bug2" finished-at="2025-11-24T15:36:30 IST" duration-ms="2" status="FAIL">
          <exception class="java.lang.NullPointerException">
            <message>
              <![CDATA[Cannot invoke "org.openqa.selenium.SearchContext.findElement(org.openqa.selenium.By)" because "this.searchContext" is null]]>
            </message>
            <full-stacktrace>
              <![CDATA[java.lang.NullPointerException: Cannot invoke "org.openqa.selenium.SearchContext.findElement(org.openqa.selenium.By)" because "this.searchContext" is null
at org.openqa.selenium.support.pagefactory.DefaultElementLocator.findElement(DefaultElementLocator.java:68)
at org.openqa.selenium.support.pagefactory.internal.LocatingElementHandler.invoke(LocatingElementHandler.java:38)
at jdk.proxy2/jdk.proxy2.$Proxy13.click(Unknown Source)
at factorialsiteCheck.BugFound.bug2(BugFound.java:26)
at java.base/jdk.internal.reflect.NativeMethodAccessorImpl.invoke0(Native Method)
at java.base/jdk.internal.reflect.NativeMethodAccessorImpl.invoke(NativeMethodAccessorImpl.java:77)
at java.base/jdk.internal.reflect.DelegatingMethodAccessorImpl.invoke(DelegatingMethodAccessorImpl.java:43)
at java.base/java.lang.reflect.Method.invoke(Method.java:568)
at org.testng.internal.invokers.MethodInvocationHelper.invokeMethod(MethodInvocationHelper.java:139)
at org.testng.internal.invokers.TestInvoker.invokeMethod(TestInvoker.java:664)
at org.testng.internal.invokers.TestInvoker.invokeTestMethod(TestInvoker.java:228)
at org.testng.internal.invokers.MethodRunner.runInSequence(MethodRunner.java:63)
at org.testng.internal.invokers.TestInvoker$MethodInvocationAgent.invoke(TestInvoker.java:961)
at org.testng.internal.invokers.TestInvoker.invokeTestMethods(TestInvoker.java:201)
at org.testng.internal.invokers.TestMethodWorker.invokeTestMethods(TestMethodWorker.java:148)
at org.testng.internal.invokers.TestMethodWorker.run(TestMethodWorker.java:128)
at java.base/java.util.ArrayList.forEach(ArrayList.java:1511)
at org.testng.TestRunner.privateRun(TestRunner.java:819)
at org.testng.TestRunner.run(TestRunner.java:619)
at org.testng.SuiteRunner.runTest(SuiteRunner.java:443)
at org.testng.SuiteRunner$SuiteWorker.run(SuiteRunner.java:481)
at org.testng.internal.thread.ThreadUtil.lambda$execute$0(ThreadUtil.java:58)
at java.base/java.util.concurrent.FutureTask.run(FutureTask.java:264)
at java.base/java.util.concurrent.ThreadPoolExecutor.runWorker(ThreadPoolExecutor.java:1136)
at java.base/java.util.concurrent.ThreadPoolExecutor$Worker.run(ThreadPoolExecutor.java:635)
at java.base/java.lang.Thread.run(Thread.java:840)
]]>
            </full-stacktrace>
          </exception> <!-- java.lang.NullPointerException -->
          <reporter-output>
          </reporter-output>
        </test-method> <!-- bug2 -->
        <test-method is-config="true" signature="close()[pri:0, instance:factorialsiteCheck.BugFound@dc7df28]" started-at="2025-11-24T15:36:30 IST" name="close" finished-at="2025-11-24T15:36:31 IST" duration-ms="262" status="PASS">
          <reporter-output>
          </reporter-output>
        </test-method> <!-- close -->
      </class> <!-- factorialsiteCheck.BugFound -->
      <class name="factorialsiteCheck.ElimentsValidation">
        <test-method is-config="true" signature="openBrowser(java.lang.String)[pri:0, instance:factorialsiteCheck.ElimentsValidation@74d1dc36]" started-at="2025-11-24T15:34:46 IST" name="openBrowser" finished-at="2025-11-24T15:34:54 IST" duration-ms="8262" status="PASS">
          <params>
            <param index="0">
              <value>
                <![CDATA[chrome]]>
              </value>
            </param>
          </params>
          <reporter-output>
          </reporter-output>
        </test-method> <!-- openBrowser -->
        <test-method signature="validation()[pri:0, instance:factorialsiteCheck.ElimentsValidation@74d1dc36]" started-at="2025-11-24T15:34:54 IST" name="validation" finished-at="2025-11-24T15:34:55 IST" duration-ms="352" status="PASS">
          <reporter-output>
          </reporter-output>
        </test-method> <!-- validation -->
        <test-method is-config="true" signature="close()[pri:0, instance:factorialsiteCheck.ElimentsValidation@74d1dc36]" started-at="2025-11-24T15:34:55 IST" name="close" finished-at="2025-11-24T15:34:55 IST" duration-ms="606" status="PASS">
          <reporter-output>
          </reporter-output>
        </test-method> <!-- close -->
      </class> <!-- factorialsiteCheck.ElimentsValidation -->
      <class name="factorialsiteCheck.Totallink">
        <test-method is-config="true" signature="openBrowser(java.lang.String)[pri:0, instance:factorialsiteCheck.Totallink@1cf6d1be]" started-at="2025-11-24T15:36:13 IST" name="openBrowser" finished-at="2025-11-24T15:36:20 IST" duration-ms="6982" status="PASS">
          <params>
            <param index="0">
              <value>
                <![CDATA[chrome]]>
              </value>
            </param>
          </params>
          <reporter-output>
          </reporter-output>
        </test-method> <!-- openBrowser -->
        <test-method signature="aboutlink()[pri:6, instance:factorialsiteCheck.Totallink@1cf6d1be]" started-at="2025-11-24T15:36:20 IST" name="aboutlink" finished-at="2025-11-24T15:36:22 IST" duration-ms="1559" status="PASS">
          <reporter-output>
          </reporter-output>
        </test-method> <!-- aboutlink -->
        <test-method is-config="true" signature="close()[pri:0, instance:factorialsiteCheck.Totallink@1cf6d1be]" started-at="2025-11-24T15:36:22 IST" name="close" finished-at="2025-11-24T15:36:22 IST" duration-ms="242" status="PASS">
          <reporter-output>
          </reporter-output>
        </test-method> <!-- close -->
      </class> <!-- factorialsiteCheck.Totallink -->
    </test> <!-- Regression Test -->
    <test started-at="2025-11-24T15:34:46 IST" name="Regression Test 2" finished-at="2025-11-24T15:37:19 IST" duration-ms="152567">
      <class name="factorialsiteCheck.FactorialresultCheck">
        <test-method is-config="true" signature="openBrowser(java.lang.String)[pri:0, instance:factorialsiteCheck.FactorialresultCheck@66ea810]" started-at="2025-11-24T15:35:45 IST" name="openBrowser" finished-at="2025-11-24T15:35:57 IST" duration-ms="11279" status="PASS">
          <params>
            <param index="0">
              <value>
                <![CDATA[firefox]]>
              </value>
            </param>
          </params>
          <reporter-output>
          </reporter-output>
        </test-method> <!-- openBrowser -->
        <test-method signature="factorialCheck(int)[pri:5, instance:factorialsiteCheck.FactorialresultCheck@66ea810]" started-at="2025-11-24T15:35:57 IST" name="factorialCheck" data-provider="factorial number" finished-at="2025-11-24T15:35:58 IST" duration-ms="1319" status="PASS">
          <params>
            <param index="0">
              <value>
                <![CDATA[4]]>
              </value>
            </param>
          </params>
          <reporter-output>
          </reporter-output>
        </test-method> <!-- factorialCheck -->
        <test-method is-config="true" signature="close()[pri:0, instance:factorialsiteCheck.FactorialresultCheck@66ea810]" started-at="2025-11-24T15:35:58 IST" name="close" finished-at="2025-11-24T15:36:01 IST" duration-ms="2718" status="PASS">
          <reporter-output>
          </reporter-output>
        </test-method> <!-- close -->
        <test-method is-config="true" signature="openBrowser(java.lang.String)[pri:0, instance:factorialsiteCheck.FactorialresultCheck@66ea810]" started-at="2025-11-24T15:36:01 IST" name="openBrowser" finished-at="2025-11-24T15:36:15 IST" duration-ms="13874" status="PASS">
          <params>
            <param index="0">
              <value>
                <![CDATA[firefox]]>
              </value>
            </param>
          </params>
          <reporter-output>
          </reporter-output>
        </test-method> <!-- openBrowser -->
        <test-method signature="factorialCheck(int)[pri:5, instance:factorialsiteCheck.FactorialresultCheck@66ea810]" started-at="2025-11-24T15:36:15 IST" name="factorialCheck" data-provider="factorial number" finished-at="2025-11-24T15:36:16 IST" duration-ms="1306" status="PASS">
          <params>
            <param index="0">
              <value>
                <![CDATA[5]]>
              </value>
            </param>
          </params>
          <reporter-output>
          </reporter-output>
        </test-method> <!-- factorialCheck -->
        <test-method is-config="true" signature="close()[pri:0, instance:factorialsiteCheck.FactorialresultCheck@66ea810]" started-at="2025-11-24T15:36:16 IST" name="close" finished-at="2025-11-24T15:36:19 IST" duration-ms="3231" status="PASS">
          <reporter-output>
          </reporter-output>
        </test-method> <!-- close -->
        <test-method is-config="true" signature="openBrowser(java.lang.String)[pri:0, instance:factorialsiteCheck.FactorialresultCheck@66ea810]" started-at="2025-11-24T15:36:19 IST" name="openBrowser" finished-at="2025-11-24T15:36:26 IST" duration-ms="7276" status="PASS">
          <params>
            <param index="0">
              <value>
                <![CDATA[firefox]]>
              </value>
            </param>
          </params>
          <reporter-output>
          </reporter-output>
        </test-method> <!-- openBrowser -->
        <test-method signature="factorialCheck(int)[pri:5, instance:factorialsiteCheck.FactorialresultCheck@66ea810]" started-at="2025-11-24T15:36:26 IST" name="factorialCheck" data-provider="factorial number" finished-at="2025-11-24T15:36:28 IST" duration-ms="1280" status="PASS">
          <params>
            <param index="0">
              <value>
                <![CDATA[6]]>
              </value>
            </param>
          </params>
          <reporter-output>
          </reporter-output>
        </test-method> <!-- factorialCheck -->
        <test-method is-config="true" signature="close()[pri:0, instance:factorialsiteCheck.FactorialresultCheck@66ea810]" started-at="2025-11-24T15:36:28 IST" name="close" finished-at="2025-11-24T15:36:29 IST" duration-ms="1394" status="PASS">
          <reporter-output>
          </reporter-output>
        </test-method> <!-- close -->
        <test-method is-config="true" signature="openBrowser(java.lang.String)[pri:0, instance:factorialsiteCheck.FactorialresultCheck@66ea810]" started-at="2025-11-24T15:36:29 IST" name="openBrowser" finished-at="2025-11-24T15:36:34 IST" duration-ms="5386" status="PASS">
          <params>
            <param index="0">
              <value>
                <![CDATA[firefox]]>
              </value>
            </param>
          </params>
          <reporter-output>
          </reporter-output>
        </test-method> <!-- openBrowser -->
        <test-method signature="factorialCheck(int)[pri:5, instance:factorialsiteCheck.FactorialresultCheck@66ea810]" started-at="2025-11-24T15:36:34 IST" name="factorialCheck" data-provider="factorial number" finished-at="2025-11-24T15:36:36 IST" duration-ms="1180" status="PASS">
          <params>
            <param index="0">
              <value>
                <![CDATA[7]]>
              </value>
            </param>
          </params>
          <reporter-output>
          </reporter-output>
        </test-method> <!-- factorialCheck -->
        <test-method is-config="true" signature="close()[pri:0, instance:factorialsiteCheck.FactorialresultCheck@66ea810]" started-at="2025-11-24T15:36:36 IST" name="close" finished-at="2025-11-24T15:36:37 IST" duration-ms="981" status="PASS">
          <reporter-output>
          </reporter-output>
        </test-method> <!-- close -->
        <test-method is-config="true" signature="openBrowser(java.lang.String)[pri:0, instance:factorialsiteCheck.FactorialresultCheck@66ea810]" started-at="2025-11-24T15:36:37 IST" name="openBrowser" finished-at="2025-11-24T15:36:42 IST" duration-ms="5033" status="PASS">
          <params>
            <param index="0">
              <value>
                <![CDATA[firefox]]>
              </value>
            </param>
          </params>
          <reporter-output>
          </reporter-output>
        </test-method> <!-- openBrowser -->
        <test-method signature="factorialCheck(int)[pri:5, instance:factorialsiteCheck.FactorialresultCheck@66ea810]" started-at="2025-11-24T15:36:42 IST" name="factorialCheck" data-provider="factorial number" finished-at="2025-11-24T15:36:43 IST" duration-ms="1161" status="PASS">
          <params>
            <param index="0">
              <value>
                <![CDATA[8]]>
              </value>
            </param>
          </params>
          <reporter-output>
          </reporter-output>
        </test-method> <!-- factorialCheck -->
        <test-method is-config="true" signature="close()[pri:0, instance:factorialsiteCheck.FactorialresultCheck@66ea810]" started-at="2025-11-24T15:36:43 IST" name="close" finished-at="2025-11-24T15:36:44 IST" duration-ms="926" status="PASS">
          <reporter-output>
          </reporter-output>
        </test-method> <!-- close -->
        <test-method is-config="true" signature="openBrowser(java.lang.String)[pri:0, instance:factorialsiteCheck.FactorialresultCheck@66ea810]" started-at="2025-11-24T15:36:44 IST" name="openBrowser" finished-at="2025-11-24T15:36:49 IST" duration-ms="5134" status="PASS">
          <params>
            <param index="0">
              <value>
                <![CDATA[firefox]]>
              </value>
            </param>
          </params>
          <reporter-output>
          </reporter-output>
        </test-method> <!-- openBrowser -->
        <test-method signature="factorialCheck(int)[pri:5, instance:factorialsiteCheck.FactorialresultCheck@66ea810]" started-at="2025-11-24T15:36:49 IST" name="factorialCheck" data-provider="factorial number" finished-at="2025-11-24T15:36:50 IST" duration-ms="1187" status="PASS">
          <params>
            <param index="0">
              <value>
                <![CDATA[9]]>
              </value>
            </param>
          </params>
          <reporter-output>
          </reporter-output>
        </test-method> <!-- factorialCheck -->
        <test-method is-config="true" signature="close()[pri:0, instance:factorialsiteCheck.FactorialresultCheck@66ea810]" started-at="2025-11-24T15:36:50 IST" name="close" finished-at="2025-11-24T15:36:51 IST" duration-ms="944" status="PASS">
          <reporter-output>
          </reporter-output>
        </test-method> <!-- close -->
        <test-method is-config="true" signature="openBrowser(java.lang.String)[pri:0, instance:factorialsiteCheck.FactorialresultCheck@66ea810]" started-at="2025-11-24T15:36:51 IST" name="openBrowser" finished-at="2025-11-24T15:36:56 IST" duration-ms="5000" status="PASS">
          <params>
            <param index="0">
              <value>
                <![CDATA[firefox]]>
              </value>
            </param>
          </params>
          <reporter-output>
          </reporter-output>
        </test-method> <!-- openBrowser -->
        <test-method signature="factorialCheck(int)[pri:5, instance:factorialsiteCheck.FactorialresultCheck@66ea810]" started-at="2025-11-24T15:36:56 IST" name="factorialCheck" data-provider="factorial number" finished-at="2025-11-24T15:36:57 IST" duration-ms="1172" status="PASS">
          <params>
            <param index="0">
              <value>
                <![CDATA[10]]>
              </value>
            </param>
          </params>
          <reporter-output>
          </reporter-output>
        </test-method> <!-- factorialCheck -->
        <test-method is-config="true" signature="close()[pri:0, instance:factorialsiteCheck.FactorialresultCheck@66ea810]" started-at="2025-11-24T15:36:57 IST" name="close" finished-at="2025-11-24T15:36:59 IST" duration-ms="1948" status="PASS">
          <reporter-output>
          </reporter-output>
        </test-method> <!-- close -->
      </class> <!-- factorialsiteCheck.FactorialresultCheck -->
      <class name="factorialsiteCheck.ValidationAttributesCheck">
        <test-method is-config="true" signature="openBrowser(java.lang.String)[pri:0, instance:factorialsiteCheck.ValidationAttributesCheck@14dd7b39]" started-at="2025-11-24T15:35:05 IST" name="openBrowser" finished-at="2025-11-24T15:35:17 IST" duration-ms="11972" status="PASS">
          <params>
            <param index="0">
              <value>
                <![CDATA[firefox]]>
              </value>
            </param>
          </params>
          <reporter-output>
          </reporter-output>
        </test-method> <!-- openBrowser -->
        <test-method signature="verifytextboxPlaceholder()[pri:1, instance:factorialsiteCheck.ValidationAttributesCheck@14dd7b39]" started-at="2025-11-24T15:35:17 IST" name="verifytextboxPlaceholder" finished-at="2025-11-24T15:35:17 IST" duration-ms="127" status="PASS">
          <reporter-output>
          </reporter-output>
        </test-method> <!-- verifytextboxPlaceholder -->
        <test-method is-config="true" signature="close()[pri:0, instance:factorialsiteCheck.ValidationAttributesCheck@14dd7b39]" started-at="2025-11-24T15:35:17 IST" name="close" finished-at="2025-11-24T15:35:19 IST" duration-ms="2028" status="PASS">
          <reporter-output>
          </reporter-output>
        </test-method> <!-- close -->
        <test-method is-config="true" signature="openBrowser(java.lang.String)[pri:0, instance:factorialsiteCheck.ValidationAttributesCheck@14dd7b39]" started-at="2025-11-24T15:35:19 IST" name="openBrowser" finished-at="2025-11-24T15:35:29 IST" duration-ms="10165" status="PASS">
          <params>
            <param index="0">
              <value>
                <![CDATA[firefox]]>
              </value>
            </param>
          </params>
          <reporter-output>
          </reporter-output>
        </test-method> <!-- openBrowser -->
        <test-method signature="verifyPage()[pri:2, instance:factorialsiteCheck.ValidationAttributesCheck@14dd7b39]" started-at="2025-11-24T15:35:29 IST" name="verifyPage" finished-at="2025-11-24T15:35:29 IST" duration-ms="8" status="PASS">
          <reporter-output>
          </reporter-output>
        </test-method> <!-- verifyPage -->
        <test-method is-config="true" signature="close()[pri:0, instance:factorialsiteCheck.ValidationAttributesCheck@14dd7b39]" started-at="2025-11-24T15:35:29 IST" name="close" finished-at="2025-11-24T15:35:31 IST" duration-ms="2114" status="PASS">
          <reporter-output>
          </reporter-output>
        </test-method> <!-- close -->
        <test-method is-config="true" signature="openBrowser(java.lang.String)[pri:0, instance:factorialsiteCheck.ValidationAttributesCheck@14dd7b39]" started-at="2025-11-24T15:35:31 IST" name="openBrowser" finished-at="2025-11-24T15:35:43 IST" duration-ms="11573" status="PASS">
          <params>
            <param index="0">
              <value>
                <![CDATA[firefox]]>
              </value>
            </param>
          </params>
          <reporter-output>
          </reporter-output>
        </test-method> <!-- openBrowser -->
        <test-method signature="verifyUrl()[pri:3, instance:factorialsiteCheck.ValidationAttributesCheck@14dd7b39]" started-at="2025-11-24T15:35:43 IST" name="verifyUrl" finished-at="2025-11-24T15:35:43 IST" duration-ms="14" status="PASS">
          <reporter-output>
          </reporter-output>
        </test-method> <!-- verifyUrl -->
        <test-method is-config="true" signature="close()[pri:0, instance:factorialsiteCheck.ValidationAttributesCheck@14dd7b39]" started-at="2025-11-24T15:35:43 IST" name="close" finished-at="2025-11-24T15:35:45 IST" duration-ms="2374" status="PASS">
          <reporter-output>
          </reporter-output>
        </test-method> <!-- close -->
      </class> <!-- factorialsiteCheck.ValidationAttributesCheck -->
      <class name="factorialsiteCheck.BugFound">
        <test-method is-config="true" signature="openBrowser(java.lang.String)[pri:0, instance:factorialsiteCheck.BugFound@f68f0dc]" started-at="2025-11-24T15:37:07 IST" name="openBrowser" finished-at="2025-11-24T15:37:12 IST" duration-ms="5081" status="PASS">
          <params>
            <param index="0">
              <value>
                <![CDATA[firefox]]>
              </value>
            </param>
          </params>
          <reporter-output>
          </reporter-output>
        </test-method> <!-- openBrowser -->
        <test-method signature="bug1()[pri:7, instance:factorialsiteCheck.BugFound@f68f0dc]" started-at="2025-11-24T15:37:12 IST" name="bug1" finished-at="2025-11-24T15:37:12 IST" duration-ms="3" status="FAIL">
          <exception class="java.lang.NullPointerException">
            <message>
              <![CDATA[Cannot invoke "org.openqa.selenium.SearchContext.findElement(org.openqa.selenium.By)" because "this.searchContext" is null]]>
            </message>
            <full-stacktrace>
              <![CDATA[java.lang.NullPointerException: Cannot invoke "org.openqa.selenium.SearchContext.findElement(org.openqa.selenium.By)" because "this.searchContext" is null
at org.openqa.selenium.support.pagefactory.DefaultElementLocator.findElement(DefaultElementLocator.java:68)
at org.openqa.selenium.support.pagefactory.internal.LocatingElementHandler.invoke(LocatingElementHandler.java:38)
at jdk.proxy2/jdk.proxy2.$Proxy13.click(Unknown Source)
at factorialsiteCheck.BugFound.bug1(BugFound.java:18)
at java.base/jdk.internal.reflect.NativeMethodAccessorImpl.invoke0(Native Method)
at java.base/jdk.internal.reflect.NativeMethodAccessorImpl.invoke(NativeMethodAccessorImpl.java:77)
at java.base/jdk.internal.reflect.DelegatingMethodAccessorImpl.invoke(DelegatingMethodAccessorImpl.java:43)
at java.base/java.lang.reflect.Method.invoke(Method.java:568)
at org.testng.internal.invokers.MethodInvocationHelper.invokeMethod(MethodInvocationHelper.java:139)
at org.testng.internal.invokers.TestInvoker.invokeMethod(TestInvoker.java:664)
at org.testng.internal.invokers.TestInvoker.invokeTestMethod(TestInvoker.java:228)
at org.testng.internal.invokers.MethodRunner.runInSequence(MethodRunner.java:63)
at org.testng.internal.invokers.TestInvoker$MethodInvocationAgent.invoke(TestInvoker.java:961)
at org.testng.internal.invokers.TestInvoker.invokeTestMethods(TestInvoker.java:201)
at org.testng.internal.invokers.TestMethodWorker.invokeTestMethods(TestMethodWorker.java:148)
at org.testng.internal.invokers.TestMethodWorker.run(TestMethodWorker.java:128)
at java.base/java.util.ArrayList.forEach(ArrayList.java:1511)
at org.testng.TestRunner.privateRun(TestRunner.java:819)
at org.testng.TestRunner.run(TestRunner.java:619)
at org.testng.SuiteRunner.runTest(SuiteRunner.java:443)
at org.testng.SuiteRunner$SuiteWorker.run(SuiteRunner.java:481)
at org.testng.internal.thread.ThreadUtil.lambda$execute$0(ThreadUtil.java:58)
at java.base/java.util.concurrent.FutureTask.run(FutureTask.java:264)
at java.base/java.util.concurrent.ThreadPoolExecutor.runWorker(ThreadPoolExecutor.java:1136)
at java.base/java.util.concurrent.ThreadPoolExecutor$Worker.run(ThreadPoolExecutor.java:635)
at java.base/java.lang.Thread.run(Thread.java:840)
]]>
            </full-stacktrace>
          </exception> <!-- java.lang.NullPointerException -->
          <reporter-output>
          </reporter-output>
        </test-method> <!-- bug1 -->
        <test-method is-config="true" signature="close()[pri:0, instance:factorialsiteCheck.BugFound@f68f0dc]" started-at="2025-11-24T15:37:12 IST" name="close" finished-at="2025-11-24T15:37:13 IST" duration-ms="1024" status="PASS">
          <reporter-output>
          </reporter-output>
        </test-method> <!-- close -->
        <test-method is-config="true" signature="openBrowser(java.lang.String)[pri:0, instance:factorialsiteCheck.BugFound@f68f0dc]" started-at="2025-11-24T15:37:13 IST" name="openBrowser" finished-at="2025-11-24T15:37:18 IST" duration-ms="5034" status="PASS">
          <params>
            <param index="0">
              <value>
                <![CDATA[firefox]]>
              </value>
            </param>
          </params>
          <reporter-output>
          </reporter-output>
        </test-method> <!-- openBrowser -->
        <test-method signature="bug2()[pri:8, instance:factorialsiteCheck.BugFound@f68f0dc]" started-at="2025-11-24T15:37:18 IST" name="bug2" finished-at="2025-11-24T15:37:18 IST" duration-ms="0" status="FAIL">
          <exception class="java.lang.NullPointerException">
            <message>
              <![CDATA[Cannot invoke "org.openqa.selenium.SearchContext.findElement(org.openqa.selenium.By)" because "this.searchContext" is null]]>
            </message>
            <full-stacktrace>
              <![CDATA[java.lang.NullPointerException: Cannot invoke "org.openqa.selenium.SearchContext.findElement(org.openqa.selenium.By)" because "this.searchContext" is null
at org.openqa.selenium.support.pagefactory.DefaultElementLocator.findElement(DefaultElementLocator.java:68)
at org.openqa.selenium.support.pagefactory.internal.LocatingElementHandler.invoke(LocatingElementHandler.java:38)
at jdk.proxy2/jdk.proxy2.$Proxy13.click(Unknown Source)
at factorialsiteCheck.BugFound.bug2(BugFound.java:26)
at java.base/jdk.internal.reflect.NativeMethodAccessorImpl.invoke0(Native Method)
at java.base/jdk.internal.reflect.NativeMethodAccessorImpl.invoke(NativeMethodAccessorImpl.java:77)
at java.base/jdk.internal.reflect.DelegatingMethodAccessorImpl.invoke(DelegatingMethodAccessorImpl.java:43)
at java.base/java.lang.reflect.Method.invoke(Method.java:568)
at org.testng.internal.invokers.MethodInvocationHelper.invokeMethod(MethodInvocationHelper.java:139)
at org.testng.internal.invokers.TestInvoker.invokeMethod(TestInvoker.java:664)
at org.testng.internal.invokers.TestInvoker.invokeTestMethod(TestInvoker.java:228)
at org.testng.internal.invokers.MethodRunner.runInSequence(MethodRunner.java:63)
at org.testng.internal.invokers.TestInvoker$MethodInvocationAgent.invoke(TestInvoker.java:961)
at org.testng.internal.invokers.TestInvoker.invokeTestMethods(TestInvoker.java:201)
at org.testng.internal.invokers.TestMethodWorker.invokeTestMethods(TestMethodWorker.java:148)
at org.testng.internal.invokers.TestMethodWorker.run(TestMethodWorker.java:128)
at java.base/java.util.ArrayList.forEach(ArrayList.java:1511)
at org.testng.TestRunner.privateRun(TestRunner.java:819)
at org.testng.TestRunner.run(TestRunner.java:619)
at org.testng.SuiteRunner.runTest(SuiteRunner.java:443)
at org.testng.SuiteRunner$SuiteWorker.run(SuiteRunner.java:481)
at org.testng.internal.thread.ThreadUtil.lambda$execute$0(ThreadUtil.java:58)
at java.base/java.util.concurrent.FutureTask.run(FutureTask.java:264)
at java.base/java.util.concurrent.ThreadPoolExecutor.runWorker(ThreadPoolExecutor.java:1136)
at java.base/java.util.concurrent.ThreadPoolExecutor$Worker.run(ThreadPoolExecutor.java:635)
at java.base/java.lang.Thread.run(Thread.java:840)
]]>
            </full-stacktrace>
          </exception> <!-- java.lang.NullPointerException -->
          <reporter-output>
          </reporter-output>
        </test-method> <!-- bug2 -->
        <test-method is-config="true" signature="close()[pri:0, instance:factorialsiteCheck.BugFound@f68f0dc]" started-at="2025-11-24T15:37:18 IST" name="close" finished-at="2025-11-24T15:37:19 IST" duration-ms="911" status="PASS">
          <reporter-output>
          </reporter-output>
        </test-method> <!-- close -->
      </class> <!-- factorialsiteCheck.BugFound -->
      <class name="factorialsiteCheck.ElimentsValidation">
        <test-method is-config="true" signature="openBrowser(java.lang.String)[pri:0, instance:factorialsiteCheck.ElimentsValidation@2d0399f4]" started-at="2025-11-24T15:34:46 IST" name="openBrowser" finished-at="2025-11-24T15:35:02 IST" duration-ms="16345" status="PASS">
          <params>
            <param index="0">
              <value>
                <![CDATA[firefox]]>
              </value>
            </param>
          </params>
          <reporter-output>
          </reporter-output>
        </test-method> <!-- openBrowser -->
        <test-method signature="validation()[pri:0, instance:factorialsiteCheck.ElimentsValidation@2d0399f4]" started-at="2025-11-24T15:35:02 IST" name="validation" finished-at="2025-11-24T15:35:03 IST" duration-ms="838" status="PASS">
          <reporter-output>
          </reporter-output>
        </test-method> <!-- validation -->
        <test-method is-config="true" signature="close()[pri:0, instance:factorialsiteCheck.ElimentsValidation@2d0399f4]" started-at="2025-11-24T15:35:03 IST" name="close" finished-at="2025-11-24T15:35:05 IST" duration-ms="1748" status="PASS">
          <reporter-output>
          </reporter-output>
        </test-method> <!-- close -->
      </class> <!-- factorialsiteCheck.ElimentsValidation -->
      <class name="factorialsiteCheck.Totallink">
        <test-method is-config="true" signature="openBrowser(java.lang.String)[pri:0, instance:factorialsiteCheck.Totallink@6cd24612]" started-at="2025-11-24T15:36:59 IST" name="openBrowser" finished-at="2025-11-24T15:37:04 IST" duration-ms="5072" status="PASS">
          <params>
            <param index="0">
              <value>
                <![CDATA[firefox]]>
              </value>
            </param>
          </params>
          <reporter-output>
          </reporter-output>
        </test-method> <!-- openBrowser -->
        <test-method signature="aboutlink()[pri:6, instance:factorialsiteCheck.Totallink@6cd24612]" started-at="2025-11-24T15:37:04 IST" name="aboutlink" finished-at="2025-11-24T15:37:06 IST" duration-ms="1298" status="PASS">
          <reporter-output>
          </reporter-output>
        </test-method> <!-- aboutlink -->
        <test-method is-config="true" signature="close()[pri:0, instance:factorialsiteCheck.Totallink@6cd24612]" started-at="2025-11-24T15:37:06 IST" name="close" finished-at="2025-11-24T15:37:07 IST" duration-ms="1007" status="PASS">
          <reporter-output>
          </reporter-output>
        </test-method> <!-- close -->
      </class> <!-- factorialsiteCheck.Totallink -->
    </test> <!-- Regression Test 2 -->
  </suite> <!-- Regression Suite -->
</testng-results>
